# JRE version: OpenJDK Runtime Environment (7.0_91-b02) (build 1.7.0_91-b02)
# Java VM: OpenJDK 64-Bit Server VM (24.91-b01 mixed mode linux-amd64 compressed oops)
Heap
 PSYoungGen      total 541184K, used 83018K [0x00000007acc80000, 0x00000007e8400000, 0x0000000800000000)
  eden space 419840K, 0% used [0x00000007acc80000,0x00000007acc80000,0x00000007c6680000)
  from space 121344K, 68% used [0x00000007d0b00000,0x00000007d5c12b98,0x00000007d8180000)
  to   space 168448K, 0% used [0x00000007c6680000,0x00000007c6680000,0x00000007d0b00000)
 ParOldGen       total 325120K, used 324984K [0x0000000706600000, 0x000000071a380000, 0x00000007acc80000)
  object space 325120K, 99% used [0x0000000706600000,0x000000071a35e160,0x000000071a380000)
 PSPermGen       total 21504K, used 7281K [0x00000006fc000000, 0x00000006fd500000, 0x0000000706600000)
  object space 21504K, 33% used [0x00000006fc000000,0x00000006fc71c7b8,0x00000006fd500000)
GC Heap History (10 events):
Event: 12.197 GC heap after
Heap after GC invocations=5 (full 0):
 PSYoungGen      total 270336K, used 10216K [0x00000007acc80000, 0x00000007d4e80000, 0x0000000800000000)
  eden space 260096K, 0% used [0x00000007acc80000,0x00000007acc80000,0x00000007bca80000)
  from space 10240K, 99% used [0x00000007bca80000,0x00000007bd47a2d0,0x00000007bd480000)
  to   space 68608K, 0% used [0x00000007d0b80000,0x00000007d0b80000,0x00000007d4e80000)
 ParOldGen       total 169984K, used 159488K [0x0000000706600000, 0x0000000710c00000, 0x00000007acc80000)
  object space 169984K, 93% used [0x0000000706600000,0x00000007101c0340,0x0000000710c00000)
 PSPermGen       total 21504K, used 7271K [0x00000006fc000000, 0x00000006fd500000, 0x0000000706600000)
  object space 21504K, 33% used [0x00000006fc000000,0x00000006fc719ec8,0x00000006fd500000)
}
Event: 12.197 GC heap before
{Heap before GC invocations=6 (full 1):
 PSYoungGen      total 270336K, used 10216K [0x00000007acc80000, 0x00000007d4e80000, 0x0000000800000000)
  eden space 260096K, 0% used [0x00000007acc80000,0x00000007acc80000,0x00000007bca80000)
  from space 10240K, 99% used [0x00000007bca80000,0x00000007bd47a2d0,0x00000007bd480000)
  to   space 68608K, 0% used [0x00000007d0b80000,0x00000007d0b80000,0x00000007d4e80000)
 ParOldGen       total 169984K, used 159488K [0x0000000706600000, 0x0000000710c00000, 0x00000007acc80000)
  object space 169984K, 93% used [0x0000000706600000,0x00000007101c0340,0x0000000710c00000)
 PSPermGen       total 21504K, used 7271K [0x00000006fc000000, 0x00000006fd500000, 0x0000000706600000)
  object space 21504K, 33% used [0x00000006fc000000,0x00000006fc719ec8,0x00000006fd500000)
Event: 13.702 GC heap after
Heap after GC invocations=6 (full 1):
 PSYoungGen      total 270336K, used 0K [0x00000007acc80000, 0x00000007d4e80000, 0x0000000800000000)
  eden space 260096K, 0% used [0x00000007acc80000,0x00000007acc80000,0x00000007bca80000)
  from space 10240K, 0% used [0x00000007bca80000,0x00000007bca80000,0x00000007bd480000)
  to   space 68608K, 0% used [0x00000007d0b80000,0x00000007d0b80000,0x00000007d4e80000)
 ParOldGen       total 325120K, used 160811K [0x0000000706600000, 0x000000071a380000, 0x00000007acc80000)
  object space 325120K, 49% used [0x0000000706600000,0x000000071030ae20,0x000000071a380000)
 PSPermGen       total 21504K, used 7270K [0x00000006fc000000, 0x00000006fd500000, 0x0000000706600000)
  object space 21504K, 33% used [0x00000006fc000000,0x00000006fc719898,0x00000006fd500000)
}
Event: 16.765 GC heap before
{Heap before GC invocations=7 (full 1):
 PSYoungGen      total 270336K, used 260096K [0x00000007acc80000, 0x00000007d4e80000, 0x0000000800000000)
  eden space 260096K, 100% used [0x00000007acc80000,0x00000007bca80000,0x00000007bca80000)
  from space 10240K, 0% used [0x00000007bca80000,0x00000007bca80000,0x00000007bd480000)
  to   space 68608K, 0% used [0x00000007d0b80000,0x00000007d0b80000,0x00000007d4e80000)
 ParOldGen       total 325120K, used 160811K [0x0000000706600000, 0x000000071a380000, 0x00000007acc80000)
  object space 325120K, 49% used [0x0000000706600000,0x000000071030ae20,0x000000071a380000)
 PSPermGen       total 21504K, used 7272K [0x00000006fc000000, 0x00000006fd500000, 0x0000000706600000)
  object space 21504K, 33% used [0x00000006fc000000,0x00000006fc71a348,0x00000006fd500000)
Event: 16.900 GC heap after
Heap after GC invocations=7 (full 1):
 PSYoungGen      total 413184K, used 63366K [0x00000007acc80000, 0x00000007d4980000, 0x0000000800000000)
  eden space 349696K, 0% used [0x00000007acc80000,0x00000007acc80000,0x00000007c2200000)
  from space 63488K, 99% used [0x00000007d0b80000,0x00000007d4961930,0x00000007d4980000)
  to   space 76800K, 0% used [0x00000007cb380000,0x00000007cb380000,0x00000007cfe80000)
 ParOldGen       total 325120K, used 160811K [0x0000000706600000, 0x000000071a380000, 0x00000007acc80000)
  object space 325120K, 49% used [0x0000000706600000,0x000000071030ae20,0x000000071a380000)
 PSPermGen       total 21504K, used 7272K [0x00000006fc000000, 0x00000006fd500000, 0x0000000706600000)
  object space 21504K, 33% used [0x00000006fc000000,0x00000006fc71a348,0x00000006fd500000)
}
Event: 21.645 GC heap before
{Heap before GC invocations=8 (full 1):
 PSYoungGen      total 413184K, used 413062K [0x00000007acc80000, 0x00000007d4980000, 0x0000000800000000)
  eden space 349696K, 100% used [0x00000007acc80000,0x00000007c2200000,0x00000007c2200000)
  from space 63488K, 99% used [0x00000007d0b80000,0x00000007d4961930,0x00000007d4980000)
  to   space 76800K, 0% used [0x00000007cb380000,0x00000007cb380000,0x00000007cfe80000)
 ParOldGen       total 325120K, used 160811K [0x0000000706600000, 0x000000071a380000, 0x00000007acc80000)
  object space 325120K, 49% used [0x0000000706600000,0x000000071030ae20,0x000000071a380000)
 PSPermGen       total 21504K, used 7280K [0x00000006fc000000, 0x00000006fd500000, 0x0000000706600000)
  object space 21504K, 33% used [0x00000006fc000000,0x00000006fc71c150,0x00000006fd500000)
Event: 21.892 GC heap after
Heap after GC invocations=8 (full 1):
 PSYoungGen      total 543744K, used 76768K [0x00000007acc80000, 0x00000007d8180000, 0x0000000800000000)
  eden space 466944K, 0% used [0x00000007acc80000,0x00000007acc80000,0x00000007c9480000)
  from space 76800K, 99% used [0x00000007cb380000,0x00000007cfe78088,0x00000007cfe80000)
  to   space 121344K, 0% used [0x00000007d0b00000,0x00000007d0b00000,0x00000007d8180000)
 ParOldGen       total 325120K, used 227668K [0x0000000706600000, 0x000000071a380000, 0x00000007acc80000)
  object space 325120K, 70% used [0x0000000706600000,0x00000007144551c0,0x000000071a380000)
 PSPermGen       total 21504K, used 7280K [0x00000006fc000000, 0x00000006fd500000, 0x0000000706600000)
  object space 21504K, 33% used [0x00000006fc000000,0x00000006fc71c150,0x00000006fd500000)
}
Event: 26.728 GC heap before
{Heap before GC invocations=9 (full 1):
 PSYoungGen      total 543744K, used 543712K [0x00000007acc80000, 0x00000007d8180000, 0x0000000800000000)
  eden space 466944K, 100% used [0x00000007acc80000,0x00000007c9480000,0x00000007c9480000)
  from space 76800K, 99% used [0x00000007cb380000,0x00000007cfe78088,0x00000007cfe80000)
  to   space 121344K, 0% used [0x00000007d0b00000,0x00000007d0b00000,0x00000007d8180000)
 ParOldGen       total 325120K, used 227668K [0x0000000706600000, 0x000000071a380000, 0x00000007acc80000)
  object space 325120K, 70% used [0x0000000706600000,0x00000007144551c0,0x000000071a380000)
 PSPermGen       total 21504K, used 7281K [0x00000006fc000000, 0x00000006fd500000, 0x0000000706600000)
  object space 21504K, 33% used [0x00000006fc000000,0x00000006fc71c7b8,0x00000006fd500000)
Event: 27.184 GC heap after
Heap after GC invocations=9 (full 1):
 PSYoungGen      total 541184K, used 121324K [0x00000007acc80000, 0x00000007e8400000, 0x0000000800000000)
  eden space 419840K, 0% used [0x00000007acc80000,0x00000007acc80000,0x00000007c6680000)
  from space 121344K, 99% used [0x00000007d0b00000,0x00000007d817b2e0,0x00000007d8180000)
  to   space 168448K, 0% used [0x00000007c6680000,0x00000007c6680000,0x00000007d0b00000)
 ParOldGen       total 325120K, used 289839K [0x0000000706600000, 0x000000071a380000, 0x00000007acc80000)
  object space 325120K, 89% used [0x0000000706600000,0x000000071810bc70,0x000000071a380000)
 PSPermGen       total 21504K, used 7281K [0x00000006fc000000, 0x00000006fd500000, 0x0000000706600000)
  object space 21504K, 33% used [0x00000006fc000000,0x00000006fc71c7b8,0x00000006fd500000)
}
Event: 27.184 GC heap before
{Heap before GC invocations=10 (full 2):
 PSYoungGen      total 541184K, used 121324K [0x00000007acc80000, 0x00000007e8400000, 0x0000000800000000)
  eden space 419840K, 0% used [0x00000007acc80000,0x00000007acc80000,0x00000007c6680000)
  from space 121344K, 99% used [0x00000007d0b00000,0x00000007d817b2e0,0x00000007d8180000)
  to   space 168448K, 0% used [0x00000007c6680000,0x00000007c6680000,0x00000007d0b00000)
 ParOldGen       total 325120K, used 289839K [0x0000000706600000, 0x000000071a380000, 0x00000007acc80000)
  object space 325120K, 89% used [0x0000000706600000,0x000000071810bc70,0x000000071a380000)
 PSPermGen       total 21504K, used 7281K [0x00000006fc000000, 0x00000006fd500000, 0x0000000706600000)
  object space 21504K, 33% used [0x00000006fc000000,0x00000006fc71c7b8,0x00000006fd500000)

