# JRE version: OpenJDK Runtime Environment (7.0_91-b02) (build 1.7.0_91-b02)
# Java VM: OpenJDK 64-Bit Server VM (24.91-b01 mixed mode linux-amd64 compressed oops)
Heap
 PSYoungGen      total 1076736K, used 151837K [0x00000007acc80000, 0x0000000800000000, 0x0000000800000000)
  eden space 890368K, 0% used [0x00000007acc80000,0x00000007acc80000,0x00000007e3200000)
  from space 186368K, 81% used [0x00000007f4a00000,0x00000007fde47648,0x0000000800000000)
  to   space 236544K, 0% used [0x00000007e3200000,0x00000007e3200000,0x00000007f1900000)
 ParOldGen       total 664064K, used 663778K [0x0000000706600000, 0x000000072ee80000, 0x00000007acc80000)
  object space 664064K, 99% used [0x0000000706600000,0x000000072ee38bf0,0x000000072ee80000)
 PSPermGen       total 21504K, used 7299K [0x00000006fc000000, 0x00000006fd500000, 0x0000000706600000)
  object space 21504K, 33% used [0x00000006fc000000,0x00000006fc720c00,0x00000006fd500000)
GC Heap History (10 events):
Event: 39.593 GC heap after
Heap after GC invocations=11 (full 1):
 PSYoungGen      total 929792K, used 929782K [0x00000007acc80000, 0x00000007f1c00000, 0x0000000800000000)
  eden space 819712K, 100% used [0x00000007acc80000,0x00000007ded00000,0x00000007ded00000)
  from space 110080K, 99% used [0x00000007e8580000,0x00000007ef0fd8b0,0x00000007ef100000)
  to   space 44032K, 99% used [0x00000007ef100000,0x00000007f1bfe930,0x00000007f1c00000)
 ParOldGen       total 425984K, used 425237K [0x0000000706600000, 0x0000000720600000, 0x00000007acc80000)
  object space 425984K, 99% used [0x0000000706600000,0x00000007205454e8,0x0000000720600000)
 PSPermGen       total 21504K, used 7294K [0x00000006fc000000, 0x00000006fd500000, 0x0000000706600000)
  object space 21504K, 33% used [0x00000006fc000000,0x00000006fc71f8a0,0x00000006fd500000)
}
Event: 39.593 GC heap before
{Heap before GC invocations=12 (full 2):
 PSYoungGen      total 929792K, used 929782K [0x00000007acc80000, 0x00000007f1c00000, 0x0000000800000000)
  eden space 819712K, 100% used [0x00000007acc80000,0x00000007ded00000,0x00000007ded00000)
  from space 110080K, 99% used [0x00000007e8580000,0x00000007ef0fd8b0,0x00000007ef100000)
  to   space 44032K, 99% used [0x00000007ef100000,0x00000007f1bfe930,0x00000007f1c00000)
 ParOldGen       total 425984K, used 425237K [0x0000000706600000, 0x0000000720600000, 0x00000007acc80000)
  object space 425984K, 99% used [0x0000000706600000,0x00000007205454e8,0x0000000720600000)
 PSPermGen       total 21504K, used 7294K [0x00000006fc000000, 0x00000006fd500000, 0x0000000706600000)
  object space 21504K, 33% used [0x00000006fc000000,0x00000006fc71f8a0,0x00000006fd500000)
Event: 43.650 GC heap after
Heap after GC invocations=12 (full 2):
 PSYoungGen      total 929792K, used 49530K [0x00000007acc80000, 0x00000007f1c00000, 0x0000000800000000)
  eden space 819712K, 6% used [0x00000007acc80000,0x00000007afcdebc0,0x00000007ded00000)
  from space 110080K, 0% used [0x00000007e8580000,0x00000007e8580000,0x00000007ef100000)
  to   space 44032K, 0% used [0x00000007ef100000,0x00000007ef100000,0x00000007f1c00000)
 ParOldGen       total 664064K, used 425922K [0x0000000706600000, 0x000000072ee80000, 0x00000007acc80000)
  object space 664064K, 64% used [0x0000000706600000,0x00000007205f0978,0x000000072ee80000)
 PSPermGen       total 21504K, used 7294K [0x00000006fc000000, 0x00000006fd500000, 0x0000000706600000)
  object space 21504K, 33% used [0x00000006fc000000,0x00000006fc71f8a0,0x00000006fd500000)
}
Event: 51.230 GC heap before
{Heap before GC invocations=13 (full 2):
 PSYoungGen      total 929792K, used 819712K [0x00000007acc80000, 0x00000007f1c00000, 0x0000000800000000)
  eden space 819712K, 100% used [0x00000007acc80000,0x00000007ded00000,0x00000007ded00000)
  from space 110080K, 0% used [0x00000007e8580000,0x00000007e8580000,0x00000007ef100000)
  to   space 44032K, 0% used [0x00000007ef100000,0x00000007ef100000,0x00000007f1c00000)
 ParOldGen       total 664064K, used 425922K [0x0000000706600000, 0x000000072ee80000, 0x00000007acc80000)
  object space 664064K, 64% used [0x0000000706600000,0x00000007205f0978,0x000000072ee80000)
 PSPermGen       total 21504K, used 7298K [0x00000006fc000000, 0x00000006fd500000, 0x0000000706600000)
  object space 21504K, 33% used [0x00000006fc000000,0x00000006fc720a98,0x00000006fd500000)
Event: 51.941 GC heap after
Heap after GC invocations=13 (full 2):
 PSYoungGen      total 951296K, used 44004K [0x00000007acc80000, 0x00000007ff300000, 0x0000000800000000)
  eden space 907264K, 0% used [0x00000007acc80000,0x00000007acc80000,0x00000007e4280000)
  from space 44032K, 99% used [0x00000007ef100000,0x00000007f1bf9230,0x00000007f1c00000)
  to   space 178688K, 0% used [0x00000007e4280000,0x00000007e4280000,0x00000007ef100000)
 ParOldGen       total 664064K, used 534426K [0x0000000706600000, 0x000000072ee80000, 0x00000007acc80000)
  object space 664064K, 80% used [0x0000000706600000,0x0000000726fe6b88,0x000000072ee80000)
 PSPermGen       total 21504K, used 7298K [0x00000006fc000000, 0x00000006fd500000, 0x0000000706600000)
  object space 21504K, 33% used [0x00000006fc000000,0x00000006fc720a98,0x00000006fd500000)
}
Event: 58.794 GC heap before
{Heap before GC invocations=14 (full 2):
 PSYoungGen      total 951296K, used 951268K [0x00000007acc80000, 0x00000007ff300000, 0x0000000800000000)
  eden space 907264K, 100% used [0x00000007acc80000,0x00000007e4280000,0x00000007e4280000)
  from space 44032K, 99% used [0x00000007ef100000,0x00000007f1bf9230,0x00000007f1c00000)
  to   space 178688K, 0% used [0x00000007e4280000,0x00000007e4280000,0x00000007ef100000)
 ParOldGen       total 664064K, used 534426K [0x0000000706600000, 0x000000072ee80000, 0x00000007acc80000)
  object space 664064K, 80% used [0x0000000706600000,0x0000000726fe6b88,0x000000072ee80000)
 PSPermGen       total 21504K, used 7298K [0x00000006fc000000, 0x00000006fd500000, 0x0000000706600000)
  object space 21504K, 33% used [0x00000006fc000000,0x00000006fc720ab8,0x00000006fd500000)
Event: 59.201 GC heap after
Heap after GC invocations=14 (full 2):
 PSYoungGen      total 1085952K, used 123859K [0x00000007acc80000, 0x0000000800000000, 0x0000000800000000)
  eden space 907264K, 0% used [0x00000007acc80000,0x00000007acc80000,0x00000007e4280000)
  from space 178688K, 69% used [0x00000007e4280000,0x00000007ebb74ec8,0x00000007ef100000)
  to   space 186368K, 0% used [0x00000007f4a00000,0x00000007f4a00000,0x0000000800000000)
 ParOldGen       total 664064K, used 573614K [0x0000000706600000, 0x000000072ee80000, 0x00000007acc80000)
  object space 664064K, 86% used [0x0000000706600000,0x000000072962ba58,0x000000072ee80000)
 PSPermGen       total 21504K, used 7298K [0x00000006fc000000, 0x00000006fd500000, 0x0000000706600000)
  object space 21504K, 33% used [0x00000006fc000000,0x00000006fc720ab8,0x00000006fd500000)
}
Event: 67.172 GC heap before
{Heap before GC invocations=15 (full 2):
 PSYoungGen      total 1085952K, used 1031123K [0x00000007acc80000, 0x0000000800000000, 0x0000000800000000)
  eden space 907264K, 100% used [0x00000007acc80000,0x00000007e4280000,0x00000007e4280000)
  from space 178688K, 69% used [0x00000007e4280000,0x00000007ebb74ec8,0x00000007ef100000)
  to   space 186368K, 0% used [0x00000007f4a00000,0x00000007f4a00000,0x0000000800000000)
 ParOldGen       total 664064K, used 573614K [0x0000000706600000, 0x000000072ee80000, 0x00000007acc80000)
  object space 664064K, 86% used [0x0000000706600000,0x000000072962ba58,0x000000072ee80000)
 PSPermGen       total 21504K, used 7299K [0x00000006fc000000, 0x00000006fd500000, 0x0000000706600000)
  object space 21504K, 33% used [0x00000006fc000000,0x00000006fc720c20,0x00000006fd500000)
Event: 67.838 GC heap after
Heap after GC invocations=15 (full 2):
 PSYoungGen      total 1076736K, used 186337K [0x00000007acc80000, 0x0000000800000000, 0x0000000800000000)
  eden space 890368K, 0% used [0x00000007acc80000,0x00000007acc80000,0x00000007e3200000)
  from space 186368K, 99% used [0x00000007f4a00000,0x00000007ffff86b8,0x0000000800000000)
  to   space 236544K, 0% used [0x00000007e3200000,0x00000007e3200000,0x00000007f1900000)
 ParOldGen       total 664064K, used 631229K [0x0000000706600000, 0x000000072ee80000, 0x00000007acc80000)
  object space 664064K, 95% used [0x0000000706600000,0x000000072ce6f448,0x000000072ee80000)
 PSPermGen       total 21504K, used 7299K [0x00000006fc000000, 0x00000006fd500000, 0x0000000706600000)
  object space 21504K, 33% used [0x00000006fc000000,0x00000006fc720c20,0x00000006fd500000)
}
Event: 67.838 GC heap before
{Heap before GC invocations=16 (full 3):
 PSYoungGen      total 1076736K, used 186337K [0x00000007acc80000, 0x0000000800000000, 0x0000000800000000)
  eden space 890368K, 0% used [0x00000007acc80000,0x00000007acc80000,0x00000007e3200000)
  from space 186368K, 99% used [0x00000007f4a00000,0x00000007ffff86b8,0x0000000800000000)
  to   space 236544K, 0% used [0x00000007e3200000,0x00000007e3200000,0x00000007f1900000)
 ParOldGen       total 664064K, used 631229K [0x0000000706600000, 0x000000072ee80000, 0x00000007acc80000)
  object space 664064K, 95% used [0x0000000706600000,0x000000072ce6f448,0x000000072ee80000)
 PSPermGen       total 21504K, used 7299K [0x00000006fc000000, 0x00000006fd500000, 0x0000000706600000)
  object space 21504K, 33% used [0x00000006fc000000,0x00000006fc720c20,0x00000006fd500000)

