# JRE version: OpenJDK Runtime Environment (7.0_91-b02) (build 1.7.0_91-b02)
# Java VM: OpenJDK 64-Bit Server VM (24.91-b01 mixed mode linux-amd64 compressed oops)
Heap
 PSYoungGen      total 1073664K, used 150822K [0x00000007acc80000, 0x0000000800000000, 0x0000000800000000)
  eden space 883200K, 0% used [0x00000007acc80000,0x00000007acc80000,0x00000007e2b00000)
  from space 190464K, 79% used [0x00000007f4600000,0x00000007fd9498d0,0x0000000800000000)
  to   space 240128K, 0% used [0x00000007e2b00000,0x00000007e2b00000,0x00000007f1580000)
 ParOldGen       total 664576K, used 664088K [0x0000000706600000, 0x000000072ef00000, 0x00000007acc80000)
  object space 664576K, 99% used [0x0000000706600000,0x000000072ee860a8,0x000000072ef00000)
 PSPermGen       total 21504K, used 7299K [0x00000006fc000000, 0x00000006fd500000, 0x0000000706600000)
  object space 21504K, 33% used [0x00000006fc000000,0x00000006fc720d08,0x00000006fd500000)
GC Heap History (10 events):
Event: 41.179 GC heap after
Heap after GC invocations=11 (full 1):
 PSYoungGen      total 933888K, used 933884K [0x00000007acc80000, 0x00000007f2580000, 0x0000000800000000)
  eden space 820224K, 100% used [0x00000007acc80000,0x00000007ded80000,0x00000007ded80000)
  from space 113664K, 99% used [0x00000007e8680000,0x00000007ef57f290,0x00000007ef580000)
  to   space 49152K, 99% used [0x00000007ef580000,0x00000007f257b638,0x00000007f2580000)
 ParOldGen       total 422912K, used 421746K [0x0000000706600000, 0x0000000720300000, 0x00000007acc80000)
  object space 422912K, 99% used [0x0000000706600000,0x00000007201dc860,0x0000000720300000)
 PSPermGen       total 21504K, used 7292K [0x00000006fc000000, 0x00000006fd500000, 0x0000000706600000)
  object space 21504K, 33% used [0x00000006fc000000,0x00000006fc71f100,0x00000006fd500000)
}
Event: 41.179 GC heap before
{Heap before GC invocations=12 (full 2):
 PSYoungGen      total 933888K, used 933884K [0x00000007acc80000, 0x00000007f2580000, 0x0000000800000000)
  eden space 820224K, 100% used [0x00000007acc80000,0x00000007ded80000,0x00000007ded80000)
  from space 113664K, 99% used [0x00000007e8680000,0x00000007ef57f290,0x00000007ef580000)
  to   space 49152K, 99% used [0x00000007ef580000,0x00000007f257b638,0x00000007f2580000)
 ParOldGen       total 422912K, used 421746K [0x0000000706600000, 0x0000000720300000, 0x00000007acc80000)
  object space 422912K, 99% used [0x0000000706600000,0x00000007201dc860,0x0000000720300000)
 PSPermGen       total 21504K, used 7292K [0x00000006fc000000, 0x00000006fd500000, 0x0000000706600000)
  object space 21504K, 33% used [0x00000006fc000000,0x00000006fc71f100,0x00000006fd500000)
Event: 45.297 GC heap after
Heap after GC invocations=12 (full 2):
 PSYoungGen      total 933888K, used 52174K [0x00000007acc80000, 0x00000007f2580000, 0x0000000800000000)
  eden space 820224K, 6% used [0x00000007acc80000,0x00000007aff73bb0,0x00000007ded80000)
  from space 113664K, 0% used [0x00000007e8680000,0x00000007e8680000,0x00000007ef580000)
  to   space 49152K, 0% used [0x00000007ef580000,0x00000007ef580000,0x00000007f2580000)
 ParOldGen       total 664576K, used 422902K [0x0000000706600000, 0x000000072ef00000, 0x00000007acc80000)
  object space 664576K, 63% used [0x0000000706600000,0x00000007202fd9a8,0x000000072ef00000)
 PSPermGen       total 21504K, used 7292K [0x00000006fc000000, 0x00000006fd500000, 0x0000000706600000)
  object space 21504K, 33% used [0x00000006fc000000,0x00000006fc71f100,0x00000006fd500000)
}
Event: 53.142 GC heap before
{Heap before GC invocations=13 (full 2):
 PSYoungGen      total 933888K, used 820224K [0x00000007acc80000, 0x00000007f2580000, 0x0000000800000000)
  eden space 820224K, 100% used [0x00000007acc80000,0x00000007ded80000,0x00000007ded80000)
  from space 113664K, 0% used [0x00000007e8680000,0x00000007e8680000,0x00000007ef580000)
  to   space 49152K, 0% used [0x00000007ef580000,0x00000007ef580000,0x00000007f2580000)
 ParOldGen       total 664576K, used 422902K [0x0000000706600000, 0x000000072ef00000, 0x00000007acc80000)
  object space 664576K, 63% used [0x0000000706600000,0x00000007202fd9a8,0x000000072ef00000)
 PSPermGen       total 21504K, used 7298K [0x00000006fc000000, 0x00000006fd500000, 0x0000000706600000)
  object space 21504K, 33% used [0x00000006fc000000,0x00000006fc720a48,0x00000006fd500000)
Event: 53.828 GC heap after
Heap after GC invocations=13 (full 2):
 PSYoungGen      total 956416K, used 49140K [0x00000007acc80000, 0x0000000800000000, 0x0000000800000000)
  eden space 907264K, 0% used [0x00000007acc80000,0x00000007acc80000,0x00000007e4280000)
  from space 49152K, 99% used [0x00000007ef580000,0x00000007f257d1c0,0x00000007f2580000)
  to   space 183296K, 0% used [0x00000007e4280000,0x00000007e4280000,0x00000007ef580000)
 ParOldGen       total 664576K, used 528382K [0x0000000706600000, 0x000000072ef00000, 0x00000007acc80000)
  object space 664576K, 79% used [0x0000000706600000,0x00000007269ffb78,0x000000072ef00000)
 PSPermGen       total 21504K, used 7298K [0x00000006fc000000, 0x00000006fd500000, 0x0000000706600000)
  object space 21504K, 33% used [0x00000006fc000000,0x00000006fc720a48,0x00000006fd500000)
}
Event: 60.893 GC heap before
{Heap before GC invocations=14 (full 2):
 PSYoungGen      total 956416K, used 956404K [0x00000007acc80000, 0x0000000800000000, 0x0000000800000000)
  eden space 907264K, 100% used [0x00000007acc80000,0x00000007e4280000,0x00000007e4280000)
  from space 49152K, 99% used [0x00000007ef580000,0x00000007f257d1c0,0x00000007f2580000)
  to   space 183296K, 0% used [0x00000007e4280000,0x00000007e4280000,0x00000007ef580000)
 ParOldGen       total 664576K, used 528382K [0x0000000706600000, 0x000000072ef00000, 0x00000007acc80000)
  object space 664576K, 79% used [0x0000000706600000,0x00000007269ffb78,0x000000072ef00000)
 PSPermGen       total 21504K, used 7299K [0x00000006fc000000, 0x00000006fd500000, 0x0000000706600000)
  object space 21504K, 33% used [0x00000006fc000000,0x00000006fc720ca0,0x00000006fd500000)
Event: 61.410 GC heap after
Heap after GC invocations=14 (full 2):
 PSYoungGen      total 1090560K, used 123589K [0x00000007acc80000, 0x0000000800000000, 0x0000000800000000)
  eden space 907264K, 0% used [0x00000007acc80000,0x00000007acc80000,0x00000007e4280000)
  from space 183296K, 67% used [0x00000007e4280000,0x00000007ebb31730,0x00000007ef580000)
  to   space 190464K, 0% used [0x00000007f4600000,0x00000007f4600000,0x0000000800000000)
 ParOldGen       total 664576K, used 573130K [0x0000000706600000, 0x000000072ef00000, 0x00000007acc80000)
  object space 664576K, 86% used [0x0000000706600000,0x00000007295b2b18,0x000000072ef00000)
 PSPermGen       total 21504K, used 7299K [0x00000006fc000000, 0x00000006fd500000, 0x0000000706600000)
  object space 21504K, 33% used [0x00000006fc000000,0x00000006fc720ca0,0x00000006fd500000)
}
Event: 68.467 GC heap before
{Heap before GC invocations=15 (full 2):
 PSYoungGen      total 1090560K, used 1030853K [0x00000007acc80000, 0x0000000800000000, 0x0000000800000000)
  eden space 907264K, 100% used [0x00000007acc80000,0x00000007e4280000,0x00000007e4280000)
  from space 183296K, 67% used [0x00000007e4280000,0x00000007ebb31730,0x00000007ef580000)
  to   space 190464K, 0% used [0x00000007f4600000,0x00000007f4600000,0x0000000800000000)
 ParOldGen       total 664576K, used 573130K [0x0000000706600000, 0x000000072ef00000, 0x00000007acc80000)
  object space 664576K, 86% used [0x0000000706600000,0x00000007295b2b18,0x000000072ef00000)
 PSPermGen       total 21504K, used 7299K [0x00000006fc000000, 0x00000006fd500000, 0x0000000706600000)
  object space 21504K, 33% used [0x00000006fc000000,0x00000006fc720d48,0x00000006fd500000)
Event: 69.099 GC heap after
Heap after GC invocations=15 (full 2):
 PSYoungGen      total 1073664K, used 190457K [0x00000007acc80000, 0x0000000800000000, 0x0000000800000000)
  eden space 883200K, 0% used [0x00000007acc80000,0x00000007acc80000,0x00000007e2b00000)
  from space 190464K, 99% used [0x00000007f4600000,0x00000007ffffe638,0x0000000800000000)
  to   space 240128K, 0% used [0x00000007e2b00000,0x00000007e2b00000,0x00000007f1580000)
 ParOldGen       total 664576K, used 626453K [0x0000000706600000, 0x000000072ef00000, 0x00000007acc80000)
  object space 664576K, 94% used [0x0000000706600000,0x000000072c9c5458,0x000000072ef00000)
 PSPermGen       total 21504K, used 7299K [0x00000006fc000000, 0x00000006fd500000, 0x0000000706600000)
  object space 21504K, 33% used [0x00000006fc000000,0x00000006fc720d48,0x00000006fd500000)
}
Event: 69.099 GC heap before
{Heap before GC invocations=16 (full 3):
 PSYoungGen      total 1073664K, used 190457K [0x00000007acc80000, 0x0000000800000000, 0x0000000800000000)
  eden space 883200K, 0% used [0x00000007acc80000,0x00000007acc80000,0x00000007e2b00000)
  from space 190464K, 99% used [0x00000007f4600000,0x00000007ffffe638,0x0000000800000000)
  to   space 240128K, 0% used [0x00000007e2b00000,0x00000007e2b00000,0x00000007f1580000)
 ParOldGen       total 664576K, used 626453K [0x0000000706600000, 0x000000072ef00000, 0x00000007acc80000)
  object space 664576K, 94% used [0x0000000706600000,0x000000072c9c5458,0x000000072ef00000)
 PSPermGen       total 21504K, used 7299K [0x00000006fc000000, 0x00000006fd500000, 0x0000000706600000)
  object space 21504K, 33% used [0x00000006fc000000,0x00000006fc720d48,0x00000006fd500000)

