# JRE version: OpenJDK Runtime Environment (7.0_91-b02) (build 1.7.0_91-b02)
# Java VM: OpenJDK 64-Bit Server VM (24.91-b01 mixed mode linux-amd64 compressed oops)
Heap
 PSYoungGen      total 466432K, used 84372K [0x00000007d5500000, 0x0000000800000000, 0x0000000800000000)
  eden space 233472K, 0% used [0x00000007d5500000,0x00000007d5500000,0x00000007e3900000)
  from space 232960K, 36% used [0x00000007e3900000,0x00000007e8b65318,0x00000007f1c80000)
  to   space 232960K, 0% used [0x00000007f1c80000,0x00000007f1c80000,0x0000000800000000)
 ParOldGen       total 917504K, used 917442K [0x0000000780000000, 0x00000007b8000000, 0x00000007d5500000)
  object space 917504K, 99% used [0x0000000780000000,0x00000007b7ff0a30,0x00000007b8000000)
 PSPermGen       total 21504K, used 7291K [0x0000000775a00000, 0x0000000776f00000, 0x0000000780000000)
  object space 21504K, 33% used [0x0000000775a00000,0x000000077611ef70,0x0000000776f00000)
GC Heap History (10 events):
Event: 89.166 GC heap after
Heap after GC invocations=26 (full 3):
 PSYoungGen      total 344576K, used 99240K [0x00000007d5500000, 0x00000007fe580000, 0x0000000800000000)
  eden space 245248K, 0% used [0x00000007d5500000,0x00000007d5500000,0x00000007e4480000)
  from space 99328K, 99% used [0x00000007e4480000,0x00000007ea56a328,0x00000007ea580000)
  to   space 212992K, 0% used [0x00000007f1580000,0x00000007f1580000,0x00000007fe580000)
 ParOldGen       total 917504K, used 784309K [0x0000000780000000, 0x00000007b8000000, 0x00000007d5500000)
  object space 917504K, 85% used [0x0000000780000000,0x00000007afded510,0x00000007b8000000)
 PSPermGen       total 21504K, used 7291K [0x0000000775a00000, 0x0000000776f00000, 0x0000000780000000)
  object space 21504K, 33% used [0x0000000775a00000,0x000000077611ef70,0x0000000776f00000)
}
Event: 91.043 GC heap before
{Heap before GC invocations=27 (full 3):
 PSYoungGen      total 344576K, used 344488K [0x00000007d5500000, 0x00000007fe580000, 0x0000000800000000)
  eden space 245248K, 100% used [0x00000007d5500000,0x00000007e4480000,0x00000007e4480000)
  from space 99328K, 99% used [0x00000007e4480000,0x00000007ea56a328,0x00000007ea580000)
  to   space 212992K, 0% used [0x00000007f1580000,0x00000007f1580000,0x00000007fe580000)
 ParOldGen       total 917504K, used 784309K [0x0000000780000000, 0x00000007b8000000, 0x00000007d5500000)
  object space 917504K, 85% used [0x0000000780000000,0x00000007afded510,0x00000007b8000000)
 PSPermGen       total 21504K, used 7291K [0x0000000775a00000, 0x0000000776f00000, 0x0000000780000000)
  object space 21504K, 33% used [0x0000000775a00000,0x000000077611ef70,0x0000000776f00000)
Event: 91.389 GC heap after
Heap after GC invocations=27 (full 3):
 PSYoungGen      total 455168K, used 129288K [0x00000007d5500000, 0x0000000800000000, 0x0000000800000000)
  eden space 242176K, 0% used [0x00000007d5500000,0x00000007d5500000,0x00000007e4180000)
  from space 212992K, 60% used [0x00000007f1580000,0x00000007f93c2100,0x00000007fe580000)
  to   space 217088K, 0% used [0x00000007e4180000,0x00000007e4180000,0x00000007f1580000)
 ParOldGen       total 917504K, used 784309K [0x0000000780000000, 0x00000007b8000000, 0x00000007d5500000)
  object space 917504K, 85% used [0x0000000780000000,0x00000007afded510,0x00000007b8000000)
 PSPermGen       total 21504K, used 7291K [0x0000000775a00000, 0x0000000776f00000, 0x0000000780000000)
  object space 21504K, 33% used [0x0000000775a00000,0x000000077611ef70,0x0000000776f00000)
}
Event: 93.646 GC heap before
{Heap before GC invocations=28 (full 3):
 PSYoungGen      total 455168K, used 371464K [0x00000007d5500000, 0x0000000800000000, 0x0000000800000000)
  eden space 242176K, 100% used [0x00000007d5500000,0x00000007e4180000,0x00000007e4180000)
  from space 212992K, 60% used [0x00000007f1580000,0x00000007f93c2100,0x00000007fe580000)
  to   space 217088K, 0% used [0x00000007e4180000,0x00000007e4180000,0x00000007f1580000)
 ParOldGen       total 917504K, used 784309K [0x0000000780000000, 0x00000007b8000000, 0x00000007d5500000)
  object space 917504K, 85% used [0x0000000780000000,0x00000007afded510,0x00000007b8000000)
 PSPermGen       total 21504K, used 7291K [0x0000000775a00000, 0x0000000776f00000, 0x0000000780000000)
  object space 21504K, 33% used [0x0000000775a00000,0x000000077611ef70,0x0000000776f00000)
Event: 94.076 GC heap after
Heap after GC invocations=28 (full 3):
 PSYoungGen      total 459264K, used 163095K [0x00000007d5500000, 0x0000000800000000, 0x0000000800000000)
  eden space 242176K, 0% used [0x00000007d5500000,0x00000007d5500000,0x00000007e4180000)
  from space 217088K, 75% used [0x00000007e4180000,0x00000007ee0c5c10,0x00000007f1580000)
  to   space 231936K, 0% used [0x00000007f1d80000,0x00000007f1d80000,0x0000000800000000)
 ParOldGen       total 917504K, used 784309K [0x0000000780000000, 0x00000007b8000000, 0x00000007d5500000)
  object space 917504K, 85% used [0x0000000780000000,0x00000007afded510,0x00000007b8000000)
 PSPermGen       total 21504K, used 7291K [0x0000000775a00000, 0x0000000776f00000, 0x0000000780000000)
  object space 21504K, 33% used [0x0000000775a00000,0x000000077611ef70,0x0000000776f00000)
}
Event: 96.471 GC heap before
{Heap before GC invocations=29 (full 3):
 PSYoungGen      total 459264K, used 405271K [0x00000007d5500000, 0x0000000800000000, 0x0000000800000000)
  eden space 242176K, 100% used [0x00000007d5500000,0x00000007e4180000,0x00000007e4180000)
  from space 217088K, 75% used [0x00000007e4180000,0x00000007ee0c5c10,0x00000007f1580000)
  to   space 231936K, 0% used [0x00000007f1d80000,0x00000007f1d80000,0x0000000800000000)
 ParOldGen       total 917504K, used 784309K [0x0000000780000000, 0x00000007b8000000, 0x00000007d5500000)
  object space 917504K, 85% used [0x0000000780000000,0x00000007afded510,0x00000007b8000000)
 PSPermGen       total 21504K, used 7291K [0x0000000775a00000, 0x0000000776f00000, 0x0000000780000000)
  object space 21504K, 33% used [0x0000000775a00000,0x000000077611ef70,0x0000000776f00000)
Event: 97.002 GC heap after
Heap after GC invocations=29 (full 3):
 PSYoungGen      total 465408K, used 195032K [0x00000007d5500000, 0x0000000800000000, 0x0000000800000000)
  eden space 233472K, 0% used [0x00000007d5500000,0x00000007d5500000,0x00000007e3900000)
  from space 231936K, 84% used [0x00000007f1d80000,0x00000007fdbf61c8,0x0000000800000000)
  to   space 232960K, 0% used [0x00000007e3900000,0x00000007e3900000,0x00000007f1c80000)
 ParOldGen       total 917504K, used 784309K [0x0000000780000000, 0x00000007b8000000, 0x00000007d5500000)
  object space 917504K, 85% used [0x0000000780000000,0x00000007afded510,0x00000007b8000000)
 PSPermGen       total 21504K, used 7291K [0x0000000775a00000, 0x0000000776f00000, 0x0000000780000000)
  object space 21504K, 33% used [0x0000000775a00000,0x000000077611ef70,0x0000000776f00000)
}
Event: 99.196 GC heap before
{Heap before GC invocations=30 (full 3):
 PSYoungGen      total 465408K, used 428504K [0x00000007d5500000, 0x0000000800000000, 0x0000000800000000)
  eden space 233472K, 100% used [0x00000007d5500000,0x00000007e3900000,0x00000007e3900000)
  from space 231936K, 84% used [0x00000007f1d80000,0x00000007fdbf61c8,0x0000000800000000)
  to   space 232960K, 0% used [0x00000007e3900000,0x00000007e3900000,0x00000007f1c80000)
 ParOldGen       total 917504K, used 784309K [0x0000000780000000, 0x00000007b8000000, 0x00000007d5500000)
  object space 917504K, 85% used [0x0000000780000000,0x00000007afded510,0x00000007b8000000)
 PSPermGen       total 21504K, used 7291K [0x0000000775a00000, 0x0000000776f00000, 0x0000000780000000)
  object space 21504K, 33% used [0x0000000775a00000,0x000000077611ef70,0x0000000776f00000)
Event: 99.896 GC heap after
Heap after GC invocations=30 (full 3):
 PSYoungGen      total 466432K, used 164737K [0x00000007d5500000, 0x0000000800000000, 0x0000000800000000)
  eden space 233472K, 0% used [0x00000007d5500000,0x00000007d5500000,0x00000007e3900000)
  from space 232960K, 70% used [0x00000007e3900000,0x00000007ed9e0418,0x00000007f1c80000)
  to   space 232960K, 0% used [0x00000007f1c80000,0x00000007f1c80000,0x0000000800000000)
 ParOldGen       total 917504K, used 846027K [0x0000000780000000, 0x00000007b8000000, 0x00000007d5500000)
  object space 917504K, 92% used [0x0000000780000000,0x00000007b3a32c20,0x00000007b8000000)
 PSPermGen       total 21504K, used 7291K [0x0000000775a00000, 0x0000000776f00000, 0x0000000780000000)
  object space 21504K, 33% used [0x0000000775a00000,0x000000077611ef70,0x0000000776f00000)
}
Event: 99.896 GC heap before
{Heap before GC invocations=31 (full 4):
 PSYoungGen      total 466432K, used 164737K [0x00000007d5500000, 0x0000000800000000, 0x0000000800000000)
  eden space 233472K, 0% used [0x00000007d5500000,0x00000007d5500000,0x00000007e3900000)
  from space 232960K, 70% used [0x00000007e3900000,0x00000007ed9e0418,0x00000007f1c80000)
  to   space 232960K, 0% used [0x00000007f1c80000,0x00000007f1c80000,0x0000000800000000)
 ParOldGen       total 917504K, used 846027K [0x0000000780000000, 0x00000007b8000000, 0x00000007d5500000)
  object space 917504K, 92% used [0x0000000780000000,0x00000007b3a32c20,0x00000007b8000000)
 PSPermGen       total 21504K, used 7291K [0x0000000775a00000, 0x0000000776f00000, 0x0000000780000000)
  object space 21504K, 33% used [0x0000000775a00000,0x000000077611ef70,0x0000000776f00000)

