# JRE version: OpenJDK Runtime Environment (7.0_91-b02) (build 1.7.0_91-b02)
# Java VM: OpenJDK 64-Bit Server VM (24.91-b01 mixed mode linux-amd64 compressed oops)
Heap
 PSYoungGen      total 909312K, used 42552K [0x00000007acc80000, 0x0000000800000000, 0x0000000800000000)
  eden space 455168K, 0% used [0x00000007acc80000,0x00000007acc80000,0x00000007c8900000)
  from space 454144K, 9% used [0x00000007e4480000,0x00000007e6e0e238,0x0000000800000000)
  to   space 454144K, 0% used [0x00000007c8900000,0x00000007c8900000,0x00000007e4480000)
 ParOldGen       total 2166784K, used 2166298K [0x0000000706600000, 0x000000078aa00000, 0x00000007acc80000)
  object space 2166784K, 99% used [0x0000000706600000,0x000000078a9869d0,0x000000078aa00000)
 PSPermGen       total 21504K, used 7300K [0x00000006fc000000, 0x00000006fd500000, 0x0000000706600000)
  object space 21504K, 33% used [0x00000006fc000000,0x00000006fc721270,0x00000006fd500000)
GC Heap History (10 events):
Event: 52.254 GC heap after
Heap after GC invocations=33 (full 5):
 PSYoungGen      total 889344K, used 315475K [0x00000007acc80000, 0x0000000800000000, 0x0000000800000000)
  eden space 471552K, 0% used [0x00000007acc80000,0x00000007acc80000,0x00000007c9900000)
  from space 417792K, 75% used [0x00000007e6500000,0x00000007f9914d98,0x00000007ffd00000)
  to   space 445952K, 0% used [0x00000007c9900000,0x00000007c9900000,0x00000007e4c80000)
 ParOldGen       total 2166784K, used 1652350K [0x0000000706600000, 0x000000078aa00000, 0x00000007acc80000)
  object space 2166784K, 76% used [0x0000000706600000,0x000000076b39fb08,0x000000078aa00000)
 PSPermGen       total 21504K, used 7300K [0x00000006fc000000, 0x00000006fd500000, 0x0000000706600000)
  object space 21504K, 33% used [0x00000006fc000000,0x00000006fc7211c8,0x00000006fd500000)
}
Event: 53.141 GC heap before
{Heap before GC invocations=34 (full 5):
 PSYoungGen      total 889344K, used 787027K [0x00000007acc80000, 0x0000000800000000, 0x0000000800000000)
  eden space 471552K, 100% used [0x00000007acc80000,0x00000007c9900000,0x00000007c9900000)
  from space 417792K, 75% used [0x00000007e6500000,0x00000007f9914d98,0x00000007ffd00000)
  to   space 445952K, 0% used [0x00000007c9900000,0x00000007c9900000,0x00000007e4c80000)
 ParOldGen       total 2166784K, used 1652350K [0x0000000706600000, 0x000000078aa00000, 0x00000007acc80000)
  object space 2166784K, 76% used [0x0000000706600000,0x000000076b39fb08,0x000000078aa00000)
 PSPermGen       total 21504K, used 7300K [0x00000006fc000000, 0x00000006fd500000, 0x0000000706600000)
  object space 21504K, 33% used [0x00000006fc000000,0x00000006fc7211c8,0x00000006fd500000)
Event: 53.461 GC heap after
Heap after GC invocations=34 (full 5):
 PSYoungGen      total 847872K, used 375941K [0x00000007acc80000, 0x0000000800000000, 0x0000000800000000)
  eden space 471552K, 0% used [0x00000007acc80000,0x00000007acc80000,0x00000007c9900000)
  from space 376320K, 99% used [0x00000007c9900000,0x00000007e0821698,0x00000007e0880000)
  to   space 454144K, 0% used [0x00000007e4480000,0x00000007e4480000,0x0000000800000000)
 ParOldGen       total 2166784K, used 1652350K [0x0000000706600000, 0x000000078aa00000, 0x00000007acc80000)
  object space 2166784K, 76% used [0x0000000706600000,0x000000076b39fb08,0x000000078aa00000)
 PSPermGen       total 21504K, used 7300K [0x00000006fc000000, 0x00000006fd500000, 0x0000000706600000)
  object space 21504K, 33% used [0x00000006fc000000,0x00000006fc7211c8,0x00000006fd500000)
}
Event: 54.524 GC heap before
{Heap before GC invocations=35 (full 5):
 PSYoungGen      total 847872K, used 847493K [0x00000007acc80000, 0x0000000800000000, 0x0000000800000000)
  eden space 471552K, 100% used [0x00000007acc80000,0x00000007c9900000,0x00000007c9900000)
  from space 376320K, 99% used [0x00000007c9900000,0x00000007e0821698,0x00000007e0880000)
  to   space 454144K, 0% used [0x00000007e4480000,0x00000007e4480000,0x0000000800000000)
 ParOldGen       total 2166784K, used 1652350K [0x0000000706600000, 0x000000078aa00000, 0x00000007acc80000)
  object space 2166784K, 76% used [0x0000000706600000,0x000000076b39fb08,0x000000078aa00000)
 PSPermGen       total 21504K, used 7300K [0x00000006fc000000, 0x00000006fd500000, 0x0000000706600000)
  object space 21504K, 33% used [0x00000006fc000000,0x00000006fc721270,0x00000006fd500000)
Event: 54.935 GC heap after
Heap after GC invocations=35 (full 5):
 PSYoungGen      total 909312K, used 316960K [0x00000007acc80000, 0x0000000800000000, 0x0000000800000000)
  eden space 455168K, 0% used [0x00000007acc80000,0x00000007acc80000,0x00000007c8900000)
  from space 454144K, 69% used [0x00000007e4480000,0x00000007f7a083c0,0x0000000800000000)
  to   space 454144K, 0% used [0x00000007c8900000,0x00000007c8900000,0x00000007e4480000)
 ParOldGen       total 2166784K, used 1774770K [0x0000000706600000, 0x000000078aa00000, 0x00000007acc80000)
  object space 2166784K, 81% used [0x0000000706600000,0x0000000772b2c918,0x000000078aa00000)
 PSPermGen       total 21504K, used 7300K [0x00000006fc000000, 0x00000006fd500000, 0x0000000706600000)
  object space 21504K, 33% used [0x00000006fc000000,0x00000006fc721270,0x00000006fd500000)
}
Event: 55.878 GC heap before
{Heap before GC invocations=36 (full 5):
 PSYoungGen      total 909312K, used 772128K [0x00000007acc80000, 0x0000000800000000, 0x0000000800000000)
  eden space 455168K, 100% used [0x00000007acc80000,0x00000007c8900000,0x00000007c8900000)
  from space 454144K, 69% used [0x00000007e4480000,0x00000007f7a083c0,0x0000000800000000)
  to   space 454144K, 0% used [0x00000007c8900000,0x00000007c8900000,0x00000007e4480000)
 ParOldGen       total 2166784K, used 1774770K [0x0000000706600000, 0x000000078aa00000, 0x00000007acc80000)
  object space 2166784K, 81% used [0x0000000706600000,0x0000000772b2c918,0x000000078aa00000)
 PSPermGen       total 21504K, used 7300K [0x00000006fc000000, 0x00000006fd500000, 0x0000000706600000)
  object space 21504K, 33% used [0x00000006fc000000,0x00000006fc721270,0x00000006fd500000)
Event: 56.193 GC heap after
Heap after GC invocations=36 (full 5):
 PSYoungGen      total 909312K, used 258716K [0x00000007acc80000, 0x0000000800000000, 0x0000000800000000)
  eden space 455168K, 0% used [0x00000007acc80000,0x00000007acc80000,0x00000007c8900000)
  from space 454144K, 56% used [0x00000007c8900000,0x00000007d85a7090,0x00000007e4480000)
  to   space 454144K, 0% used [0x00000007e4480000,0x00000007e4480000,0x0000000800000000)
 ParOldGen       total 2166784K, used 1899147K [0x0000000706600000, 0x000000078aa00000, 0x00000007acc80000)
  object space 2166784K, 87% used [0x0000000706600000,0x000000077a4a2cb8,0x000000078aa00000)
 PSPermGen       total 21504K, used 7300K [0x00000006fc000000, 0x00000006fd500000, 0x0000000706600000)
  object space 21504K, 33% used [0x00000006fc000000,0x00000006fc721270,0x00000006fd500000)
}
Event: 57.101 GC heap before
{Heap before GC invocations=37 (full 5):
 PSYoungGen      total 909312K, used 713884K [0x00000007acc80000, 0x0000000800000000, 0x0000000800000000)
  eden space 455168K, 100% used [0x00000007acc80000,0x00000007c8900000,0x00000007c8900000)
  from space 454144K, 56% used [0x00000007c8900000,0x00000007d85a7090,0x00000007e4480000)
  to   space 454144K, 0% used [0x00000007e4480000,0x00000007e4480000,0x0000000800000000)
 ParOldGen       total 2166784K, used 1899147K [0x0000000706600000, 0x000000078aa00000, 0x00000007acc80000)
  object space 2166784K, 87% used [0x0000000706600000,0x000000077a4a2cb8,0x000000078aa00000)
 PSPermGen       total 21504K, used 7300K [0x00000006fc000000, 0x00000006fd500000, 0x0000000706600000)
  object space 21504K, 33% used [0x00000006fc000000,0x00000006fc721270,0x00000006fd500000)
Event: 57.409 GC heap after
Heap after GC invocations=37 (full 5):
 PSYoungGen      total 909312K, used 187267K [0x00000007acc80000, 0x0000000800000000, 0x0000000800000000)
  eden space 455168K, 0% used [0x00000007acc80000,0x00000007acc80000,0x00000007c8900000)
  from space 454144K, 41% used [0x00000007e4480000,0x00000007efb60cc8,0x0000000800000000)
  to   space 454144K, 0% used [0x00000007c8900000,0x00000007c8900000,0x00000007e4480000)
 ParOldGen       total 2166784K, used 2027897K [0x0000000706600000, 0x000000078aa00000, 0x00000007acc80000)
  object space 2166784K, 93% used [0x0000000706600000,0x000000078225e698,0x000000078aa00000)
 PSPermGen       total 21504K, used 7300K [0x00000006fc000000, 0x00000006fd500000, 0x0000000706600000)
  object space 21504K, 33% used [0x00000006fc000000,0x00000006fc721270,0x00000006fd500000)
}
Event: 57.409 GC heap before
{Heap before GC invocations=38 (full 6):
 PSYoungGen      total 909312K, used 187267K [0x00000007acc80000, 0x0000000800000000, 0x0000000800000000)
  eden space 455168K, 0% used [0x00000007acc80000,0x00000007acc80000,0x00000007c8900000)
  from space 454144K, 41% used [0x00000007e4480000,0x00000007efb60cc8,0x0000000800000000)
  to   space 454144K, 0% used [0x00000007c8900000,0x00000007c8900000,0x00000007e4480000)
 ParOldGen       total 2166784K, used 2027897K [0x0000000706600000, 0x000000078aa00000, 0x00000007acc80000)
  object space 2166784K, 93% used [0x0000000706600000,0x000000078225e698,0x000000078aa00000)
 PSPermGen       total 21504K, used 7300K [0x00000006fc000000, 0x00000006fd500000, 0x0000000706600000)
  object space 21504K, 33% used [0x00000006fc000000,0x00000006fc721270,0x00000006fd500000)

