# JRE version: OpenJDK Runtime Environment (7.0_91-b02) (build 1.7.0_91-b02)
# Java VM: OpenJDK 64-Bit Server VM (24.91-b01 mixed mode linux-amd64 compressed oops)
Heap
 PSYoungGen      total 1022976K, used 40754K [0x00000007acc80000, 0x00000007f7e00000, 0x0000000800000000)
  eden space 908800K, 0% used [0x00000007acc80000,0x00000007acc80000,0x00000007e4400000)
  from space 114176K, 35% used [0x00000007e8980000,0x00000007eb14ca00,0x00000007ef900000)
  to   space 136192K, 0% used [0x00000007ef900000,0x00000007ef900000,0x00000007f7e00000)
 ParOldGen       total 330240K, used 330087K [0x0000000706600000, 0x000000071a880000, 0x00000007acc80000)
  object space 330240K, 99% used [0x0000000706600000,0x000000071a859e18,0x000000071a880000)
 PSPermGen       total 21504K, used 7290K [0x00000006fc000000, 0x00000006fd500000, 0x0000000706600000)
  object space 21504K, 33% used [0x00000006fc000000,0x00000006fc71e850,0x00000006fd500000)
GC Heap History (10 events):
Event: 5.455 GC heap after
Heap after GC invocations=6 (full 0):
 PSYoungGen      total 558592K, used 44543K [0x00000007acc80000, 0x00000007d2b80000, 0x0000000800000000)
  eden space 514048K, 0% used [0x00000007acc80000,0x00000007acc80000,0x00000007cc280000)
  from space 44544K, 99% used [0x00000007cf400000,0x00000007d1f7ff28,0x00000007d1f80000)
  to   space 50688K, 0% used [0x00000007cc280000,0x00000007cc280000,0x00000007cf400000)
 ParOldGen       total 169984K, used 103609K [0x0000000706600000, 0x0000000710c00000, 0x00000007acc80000)
  object space 169984K, 60% used [0x0000000706600000,0x000000070cb2e7d0,0x0000000710c00000)
 PSPermGen       total 21504K, used 7279K [0x00000006fc000000, 0x00000006fd500000, 0x0000000706600000)
  object space 21504K, 33% used [0x00000006fc000000,0x00000006fc71be08,0x00000006fd500000)
}
Event: 7.031 GC heap before
{Heap before GC invocations=7 (full 0):
 PSYoungGen      total 558592K, used 558591K [0x00000007acc80000, 0x00000007d2b80000, 0x0000000800000000)
  eden space 514048K, 100% used [0x00000007acc80000,0x00000007cc280000,0x00000007cc280000)
  from space 44544K, 99% used [0x00000007cf400000,0x00000007d1f7ff28,0x00000007d1f80000)
  to   space 50688K, 0% used [0x00000007cc280000,0x00000007cc280000,0x00000007cf400000)
 ParOldGen       total 169984K, used 103609K [0x0000000706600000, 0x0000000710c00000, 0x00000007acc80000)
  object space 169984K, 60% used [0x0000000706600000,0x000000070cb2e7d0,0x0000000710c00000)
 PSPermGen       total 21504K, used 7283K [0x00000006fc000000, 0x00000006fd500000, 0x0000000706600000)
  object space 21504K, 33% used [0x00000006fc000000,0x00000006fc71ceb8,0x00000006fd500000)
Event: 7.232 GC heap after
Heap after GC invocations=7 (full 0):
 PSYoungGen      total 564736K, used 50658K [0x00000007acc80000, 0x00000007f6880000, 0x0000000800000000)
  eden space 514048K, 0% used [0x00000007acc80000,0x00000007acc80000,0x00000007cc280000)
  from space 50688K, 99% used [0x00000007cc280000,0x00000007cf3f8bb8,0x00000007cf400000)
  to   space 90112K, 0% used [0x00000007f1080000,0x00000007f1080000,0x00000007f6880000)
 ParOldGen       total 169984K, used 169266K [0x0000000706600000, 0x0000000710c00000, 0x00000007acc80000)
  object space 169984K, 99% used [0x0000000706600000,0x0000000710b4cbb8,0x0000000710c00000)
 PSPermGen       total 21504K, used 7283K [0x00000006fc000000, 0x00000006fd500000, 0x0000000706600000)
  object space 21504K, 33% used [0x00000006fc000000,0x00000006fc71ceb8,0x00000006fd500000)
}
Event: 7.232 GC heap before
{Heap before GC invocations=8 (full 1):
 PSYoungGen      total 564736K, used 50658K [0x00000007acc80000, 0x00000007f6880000, 0x0000000800000000)
  eden space 514048K, 0% used [0x00000007acc80000,0x00000007acc80000,0x00000007cc280000)
  from space 50688K, 99% used [0x00000007cc280000,0x00000007cf3f8bb8,0x00000007cf400000)
  to   space 90112K, 0% used [0x00000007f1080000,0x00000007f1080000,0x00000007f6880000)
 ParOldGen       total 169984K, used 169266K [0x0000000706600000, 0x0000000710c00000, 0x00000007acc80000)
  object space 169984K, 99% used [0x0000000706600000,0x0000000710b4cbb8,0x0000000710c00000)
 PSPermGen       total 21504K, used 7283K [0x00000006fc000000, 0x00000006fd500000, 0x0000000706600000)
  object space 21504K, 33% used [0x00000006fc000000,0x00000006fc71ceb8,0x00000006fd500000)
Event: 8.335 GC heap after
Heap after GC invocations=8 (full 1):
 PSYoungGen      total 564736K, used 40758K [0x00000007acc80000, 0x00000007f6880000, 0x0000000800000000)
  eden space 514048K, 0% used [0x00000007acc80000,0x00000007acc80000,0x00000007cc280000)
  from space 50688K, 80% used [0x00000007cc280000,0x00000007cea4da90,0x00000007cf400000)
  to   space 90112K, 0% used [0x00000007f1080000,0x00000007f1080000,0x00000007f6880000)
 ParOldGen       total 330240K, used 169869K [0x0000000706600000, 0x000000071a880000, 0x00000007acc80000)
  object space 330240K, 51% used [0x0000000706600000,0x0000000710be3768,0x000000071a880000)
 PSPermGen       total 21504K, used 7282K [0x00000006fc000000, 0x00000006fd500000, 0x0000000706600000)
  object space 21504K, 33% used [0x00000006fc000000,0x00000006fc71c888,0x00000006fd500000)
}
Event: 9.708 GC heap before
{Heap before GC invocations=9 (full 1):
 PSYoungGen      total 564736K, used 554806K [0x00000007acc80000, 0x00000007f6880000, 0x0000000800000000)
  eden space 514048K, 100% used [0x00000007acc80000,0x00000007cc280000,0x00000007cc280000)
  from space 50688K, 80% used [0x00000007cc280000,0x00000007cea4da90,0x00000007cf400000)
  to   space 90112K, 0% used [0x00000007f1080000,0x00000007f1080000,0x00000007f6880000)
 ParOldGen       total 330240K, used 169869K [0x0000000706600000, 0x000000071a880000, 0x00000007acc80000)
  object space 330240K, 51% used [0x0000000706600000,0x0000000710be3768,0x000000071a880000)
 PSPermGen       total 21504K, used 7283K [0x00000006fc000000, 0x00000006fd500000, 0x0000000706600000)
  object space 21504K, 33% used [0x00000006fc000000,0x00000006fc71cd50,0x00000006fd500000)
Event: 9.884 GC heap after
Heap after GC invocations=9 (full 1):
 PSYoungGen      total 812544K, used 90091K [0x00000007acc80000, 0x00000007f6880000, 0x0000000800000000)
  eden space 722432K, 0% used [0x00000007acc80000,0x00000007acc80000,0x00000007d8e00000)
  from space 90112K, 99% used [0x00000007f1080000,0x00000007f687ad60,0x00000007f6880000)
  to   space 114176K, 0% used [0x00000007e8980000,0x00000007e8980000,0x00000007ef900000)
 ParOldGen       total 330240K, used 192616K [0x0000000706600000, 0x000000071a880000, 0x00000007acc80000)
  object space 330240K, 58% used [0x0000000706600000,0x000000071221a378,0x000000071a880000)
 PSPermGen       total 21504K, used 7283K [0x00000006fc000000, 0x00000006fd500000, 0x0000000706600000)
  object space 21504K, 33% used [0x00000006fc000000,0x00000006fc71cd50,0x00000006fd500000)
}
Event: 12.126 GC heap before
{Heap before GC invocations=10 (full 1):
 PSYoungGen      total 812544K, used 812523K [0x00000007acc80000, 0x00000007f6880000, 0x0000000800000000)
  eden space 722432K, 100% used [0x00000007acc80000,0x00000007d8e00000,0x00000007d8e00000)
  from space 90112K, 99% used [0x00000007f1080000,0x00000007f687ad60,0x00000007f6880000)
  to   space 114176K, 0% used [0x00000007e8980000,0x00000007e8980000,0x00000007ef900000)
 ParOldGen       total 330240K, used 192616K [0x0000000706600000, 0x000000071a880000, 0x00000007acc80000)
  object space 330240K, 58% used [0x0000000706600000,0x000000071221a378,0x000000071a880000)
 PSPermGen       total 21504K, used 7290K [0x00000006fc000000, 0x00000006fd500000, 0x0000000706600000)
  object space 21504K, 33% used [0x00000006fc000000,0x00000006fc71e850,0x00000006fd500000)
Event: 12.459 GC heap after
Heap after GC invocations=10 (full 1):
 PSYoungGen      total 1022976K, used 114156K [0x00000007acc80000, 0x00000007f7e00000, 0x0000000800000000)
  eden space 908800K, 0% used [0x00000007acc80000,0x00000007acc80000,0x00000007e4400000)
  from space 114176K, 99% used [0x00000007e8980000,0x00000007ef8fb150,0x00000007ef900000)
  to   space 136192K, 0% used [0x00000007ef900000,0x00000007ef900000,0x00000007f7e00000)
 ParOldGen       total 330240K, used 263319K [0x0000000706600000, 0x000000071a880000, 0x00000007acc80000)
  object space 330240K, 79% used [0x0000000706600000,0x0000000716725c38,0x000000071a880000)
 PSPermGen       total 21504K, used 7290K [0x00000006fc000000, 0x00000006fd500000, 0x0000000706600000)
  object space 21504K, 33% used [0x00000006fc000000,0x00000006fc71e850,0x00000006fd500000)
}
Event: 12.459 GC heap before
{Heap before GC invocations=11 (full 2):
 PSYoungGen      total 1022976K, used 114156K [0x00000007acc80000, 0x00000007f7e00000, 0x0000000800000000)
  eden space 908800K, 0% used [0x00000007acc80000,0x00000007acc80000,0x00000007e4400000)
  from space 114176K, 99% used [0x00000007e8980000,0x00000007ef8fb150,0x00000007ef900000)
  to   space 136192K, 0% used [0x00000007ef900000,0x00000007ef900000,0x00000007f7e00000)
 ParOldGen       total 330240K, used 263319K [0x0000000706600000, 0x000000071a880000, 0x00000007acc80000)
  object space 330240K, 79% used [0x0000000706600000,0x0000000716725c38,0x000000071a880000)
 PSPermGen       total 21504K, used 7290K [0x00000006fc000000, 0x00000006fd500000, 0x0000000706600000)
  object space 21504K, 33% used [0x00000006fc000000,0x00000006fc71e850,0x00000006fd500000)

