# JRE version: OpenJDK Runtime Environment (7.0_91-b02) (build 1.7.0_91-b02)
# Java VM: OpenJDK 64-Bit Server VM (24.91-b01 mixed mode linux-amd64 compressed oops)
Heap
 PSYoungGen      total 1085952K, used 31439K [0x00000007acc80000, 0x0000000800000000, 0x0000000800000000)
  eden space 903680K, 0% used [0x00000007acc80000,0x00000007acc80000,0x00000007e3f00000)
  from space 182272K, 17% used [0x00000007e3f00000,0x00000007e5db3d08,0x00000007ef100000)
  to   space 190464K, 0% used [0x00000007f4600000,0x00000007f4600000,0x0000000800000000)
 ParOldGen       total 573440K, used 573098K [0x0000000706600000, 0x0000000729600000, 0x00000007acc80000)
  object space 573440K, 99% used [0x0000000706600000,0x00000007295aaa68,0x0000000729600000)
 PSPermGen       total 21504K, used 7297K [0x00000006fc000000, 0x00000006fd500000, 0x0000000706600000)
  object space 21504K, 33% used [0x00000006fc000000,0x00000006fc720660,0x00000006fd500000)
GC Heap History (10 events):
Event: 25.791 GC heap after
Heap after GC invocations=9 (full 1):
 PSYoungGen      total 785408K, used 87035K [0x00000007acc80000, 0x00000007f5c80000, 0x0000000800000000)
  eden space 698368K, 0% used [0x00000007acc80000,0x00000007acc80000,0x00000007d7680000)
  from space 87040K, 99% used [0x00000007f0780000,0x00000007f5c7ee88,0x00000007f5c80000)
  to   space 110080K, 0% used [0x00000007e8580000,0x00000007e8580000,0x00000007ef100000)
 ParOldGen       total 326144K, used 190723K [0x0000000706600000, 0x000000071a480000, 0x00000007acc80000)
  object space 326144K, 58% used [0x0000000706600000,0x0000000712040db0,0x000000071a480000)
 PSPermGen       total 21504K, used 7287K [0x00000006fc000000, 0x00000006fd500000, 0x0000000706600000)
  object space 21504K, 33% used [0x00000006fc000000,0x00000006fc71dea8,0x00000006fd500000)
}
Event: 31.288 GC heap before
{Heap before GC invocations=10 (full 1):
 PSYoungGen      total 785408K, used 785403K [0x00000007acc80000, 0x00000007f5c80000, 0x0000000800000000)
  eden space 698368K, 100% used [0x00000007acc80000,0x00000007d7680000,0x00000007d7680000)
  from space 87040K, 99% used [0x00000007f0780000,0x00000007f5c7ee88,0x00000007f5c80000)
  to   space 110080K, 0% used [0x00000007e8580000,0x00000007e8580000,0x00000007ef100000)
 ParOldGen       total 326144K, used 190723K [0x0000000706600000, 0x000000071a480000, 0x00000007acc80000)
  object space 326144K, 58% used [0x0000000706600000,0x0000000712040db0,0x000000071a480000)
 PSPermGen       total 21504K, used 7288K [0x00000006fc000000, 0x00000006fd500000, 0x0000000706600000)
  object space 21504K, 33% used [0x00000006fc000000,0x00000006fc71e278,0x00000006fd500000)
Event: 31.840 GC heap after
Heap after GC invocations=10 (full 1):
 PSYoungGen      total 972800K, used 110068K [0x00000007acc80000, 0x00000007f4800000, 0x0000000800000000)
  eden space 862720K, 0% used [0x00000007acc80000,0x00000007acc80000,0x00000007e1700000)
  from space 110080K, 99% used [0x00000007e8580000,0x00000007ef0fd2a0,0x00000007ef100000)
  to   space 89088K, 0% used [0x00000007ef100000,0x00000007ef100000,0x00000007f4800000)
 ParOldGen       total 326144K, used 262830K [0x0000000706600000, 0x000000071a480000, 0x00000007acc80000)
  object space 326144K, 80% used [0x0000000706600000,0x00000007166aba10,0x000000071a480000)
 PSPermGen       total 21504K, used 7288K [0x00000006fc000000, 0x00000006fd500000, 0x0000000706600000)
  object space 21504K, 33% used [0x00000006fc000000,0x00000006fc71e278,0x00000006fd500000)
}
Event: 31.840 GC heap before
{Heap before GC invocations=11 (full 2):
 PSYoungGen      total 972800K, used 110068K [0x00000007acc80000, 0x00000007f4800000, 0x0000000800000000)
  eden space 862720K, 0% used [0x00000007acc80000,0x00000007acc80000,0x00000007e1700000)
  from space 110080K, 99% used [0x00000007e8580000,0x00000007ef0fd2a0,0x00000007ef100000)
  to   space 89088K, 0% used [0x00000007ef100000,0x00000007ef100000,0x00000007f4800000)
 ParOldGen       total 326144K, used 262830K [0x0000000706600000, 0x000000071a480000, 0x00000007acc80000)
  object space 326144K, 80% used [0x0000000706600000,0x00000007166aba10,0x000000071a480000)
 PSPermGen       total 21504K, used 7288K [0x00000006fc000000, 0x00000006fd500000, 0x0000000706600000)
  object space 21504K, 33% used [0x00000006fc000000,0x00000006fc71e278,0x00000006fd500000)
Event: 35.621 GC heap after
Heap after GC invocations=11 (full 2):
 PSYoungGen      total 972800K, used 44855K [0x00000007acc80000, 0x00000007f4800000, 0x0000000800000000)
  eden space 862720K, 0% used [0x00000007acc80000,0x00000007acc80000,0x00000007e1700000)
  from space 110080K, 40% used [0x00000007e8580000,0x00000007eb14de40,0x00000007ef100000)
  to   space 89088K, 0% used [0x00000007ef100000,0x00000007ef100000,0x00000007f4800000)
 ParOldGen       total 573440K, used 325869K [0x0000000706600000, 0x0000000729600000, 0x00000007acc80000)
  object space 573440K, 56% used [0x0000000706600000,0x000000071a43b730,0x0000000729600000)
 PSPermGen       total 21504K, used 7288K [0x00000006fc000000, 0x00000006fd500000, 0x0000000706600000)
  object space 21504K, 33% used [0x00000006fc000000,0x00000006fc71e278,0x00000006fd500000)
}
Event: 43.736 GC heap before
{Heap before GC invocations=12 (full 2):
 PSYoungGen      total 972800K, used 907575K [0x00000007acc80000, 0x00000007f4800000, 0x0000000800000000)
  eden space 862720K, 100% used [0x00000007acc80000,0x00000007e1700000,0x00000007e1700000)
  from space 110080K, 40% used [0x00000007e8580000,0x00000007eb14de40,0x00000007ef100000)
  to   space 89088K, 0% used [0x00000007ef100000,0x00000007ef100000,0x00000007f4800000)
 ParOldGen       total 573440K, used 325869K [0x0000000706600000, 0x0000000729600000, 0x00000007acc80000)
  object space 573440K, 56% used [0x0000000706600000,0x000000071a43b730,0x0000000729600000)
 PSPermGen       total 21504K, used 7294K [0x00000006fc000000, 0x00000006fd500000, 0x0000000706600000)
  object space 21504K, 33% used [0x00000006fc000000,0x00000006fc71fa70,0x00000006fd500000)
Event: 44.547 GC heap after
Heap after GC invocations=12 (full 2):
 PSYoungGen      total 992768K, used 89064K [0x00000007acc80000, 0x0000000800000000, 0x0000000800000000)
  eden space 903680K, 0% used [0x00000007acc80000,0x00000007acc80000,0x00000007e3f00000)
  from space 89088K, 99% used [0x00000007ef100000,0x00000007f47fa2a0,0x00000007f4800000)
  to   space 182272K, 0% used [0x00000007e3f00000,0x00000007e3f00000,0x00000007ef100000)
 ParOldGen       total 573440K, used 398414K [0x0000000706600000, 0x0000000729600000, 0x00000007acc80000)
  object space 573440K, 69% used [0x0000000706600000,0x000000071eb13b70,0x0000000729600000)
 PSPermGen       total 21504K, used 7294K [0x00000006fc000000, 0x00000006fd500000, 0x0000000706600000)
  object space 21504K, 33% used [0x00000006fc000000,0x00000006fc71fa70,0x00000006fd500000)
}
Event: 54.177 GC heap before
{Heap before GC invocations=13 (full 2):
 PSYoungGen      total 992768K, used 992744K [0x00000007acc80000, 0x0000000800000000, 0x0000000800000000)
  eden space 903680K, 100% used [0x00000007acc80000,0x00000007e3f00000,0x00000007e3f00000)
  from space 89088K, 99% used [0x00000007ef100000,0x00000007f47fa2a0,0x00000007f4800000)
  to   space 182272K, 0% used [0x00000007e3f00000,0x00000007e3f00000,0x00000007ef100000)
 ParOldGen       total 573440K, used 398414K [0x0000000706600000, 0x0000000729600000, 0x00000007acc80000)
  object space 573440K, 69% used [0x0000000706600000,0x000000071eb13b70,0x0000000729600000)
 PSPermGen       total 21504K, used 7297K [0x00000006fc000000, 0x00000006fd500000, 0x0000000706600000)
  object space 21504K, 33% used [0x00000006fc000000,0x00000006fc720660,0x00000006fd500000)
Event: 54.960 GC heap after
Heap after GC invocations=13 (full 2):
 PSYoungGen      total 1085952K, used 126390K [0x00000007acc80000, 0x0000000800000000, 0x0000000800000000)
  eden space 903680K, 0% used [0x00000007acc80000,0x00000007acc80000,0x00000007e3f00000)
  from space 182272K, 69% used [0x00000007e3f00000,0x00000007eba6dba8,0x00000007ef100000)
  to   space 190464K, 0% used [0x00000007f4600000,0x00000007f4600000,0x0000000800000000)
 ParOldGen       total 573440K, used 484084K [0x0000000706600000, 0x0000000729600000, 0x00000007acc80000)
  object space 573440K, 84% used [0x0000000706600000,0x0000000723ebd360,0x0000000729600000)
 PSPermGen       total 21504K, used 7297K [0x00000006fc000000, 0x00000006fd500000, 0x0000000706600000)
  object space 21504K, 33% used [0x00000006fc000000,0x00000006fc720660,0x00000006fd500000)
}
Event: 54.960 GC heap before
{Heap before GC invocations=14 (full 3):
 PSYoungGen      total 1085952K, used 126390K [0x00000007acc80000, 0x0000000800000000, 0x0000000800000000)
  eden space 903680K, 0% used [0x00000007acc80000,0x00000007acc80000,0x00000007e3f00000)
  from space 182272K, 69% used [0x00000007e3f00000,0x00000007eba6dba8,0x00000007ef100000)
  to   space 190464K, 0% used [0x00000007f4600000,0x00000007f4600000,0x0000000800000000)
 ParOldGen       total 573440K, used 484084K [0x0000000706600000, 0x0000000729600000, 0x00000007acc80000)
  object space 573440K, 84% used [0x0000000706600000,0x0000000723ebd360,0x0000000729600000)
 PSPermGen       total 21504K, used 7297K [0x00000006fc000000, 0x00000006fd500000, 0x0000000706600000)
  object space 21504K, 33% used [0x00000006fc000000,0x00000006fc720660,0x00000006fd500000)

