# JRE version: OpenJDK Runtime Environment (7.0_91-b02) (build 1.7.0_91-b02)
# Java VM: OpenJDK 64-Bit Server VM (24.91-b01 mixed mode linux-amd64 compressed oops)
Heap
 PSYoungGen      total 1086976K, used 46555K [0x00000007acc80000, 0x0000000800000000, 0x0000000800000000)
  eden space 900096K, 0% used [0x00000007acc80000,0x00000007acc80000,0x00000007e3b80000)
  from space 186880K, 24% used [0x00000007e3b80000,0x00000007e68f6fc8,0x00000007ef200000)
  to   space 194048K, 0% used [0x00000007f4280000,0x00000007f4280000,0x0000000800000000)
 ParOldGen       total 565248K, used 564866K [0x0000000706600000, 0x0000000728e00000, 0x00000007acc80000)
  object space 565248K, 99% used [0x0000000706600000,0x0000000728da0af8,0x0000000728e00000)
 PSPermGen       total 21504K, used 7298K [0x00000006fc000000, 0x00000006fd500000, 0x0000000706600000)
  object space 21504K, 33% used [0x00000006fc000000,0x00000006fc720ad0,0x00000006fd500000)
GC Heap History (10 events):
Event: 24.858 GC heap after
Heap after GC invocations=9 (full 1):
 PSYoungGen      total 803328K, used 88036K [0x00000007acc80000, 0x00000007f5e80000, 0x0000000800000000)
  eden space 715264K, 0% used [0x00000007acc80000,0x00000007acc80000,0x00000007d8700000)
  from space 88064K, 99% used [0x00000007f0880000,0x00000007f5e79388,0x00000007f5e80000)
  to   space 111104K, 0% used [0x00000007e8580000,0x00000007e8580000,0x00000007ef200000)
 ParOldGen       total 324096K, used 190364K [0x0000000706600000, 0x000000071a280000, 0x00000007acc80000)
  object space 324096K, 58% used [0x0000000706600000,0x0000000711fe73b8,0x000000071a280000)
 PSPermGen       total 21504K, used 7288K [0x00000006fc000000, 0x00000006fd500000, 0x0000000706600000)
  object space 21504K, 33% used [0x00000006fc000000,0x00000006fc71e318,0x00000006fd500000)
}
Event: 29.660 GC heap before
{Heap before GC invocations=10 (full 1):
 PSYoungGen      total 803328K, used 803300K [0x00000007acc80000, 0x00000007f5e80000, 0x0000000800000000)
  eden space 715264K, 100% used [0x00000007acc80000,0x00000007d8700000,0x00000007d8700000)
  from space 88064K, 99% used [0x00000007f0880000,0x00000007f5e79388,0x00000007f5e80000)
  to   space 111104K, 0% used [0x00000007e8580000,0x00000007e8580000,0x00000007ef200000)
 ParOldGen       total 324096K, used 190364K [0x0000000706600000, 0x000000071a280000, 0x00000007acc80000)
  object space 324096K, 58% used [0x0000000706600000,0x0000000711fe73b8,0x000000071a280000)
 PSPermGen       total 21504K, used 7292K [0x00000006fc000000, 0x00000006fd500000, 0x0000000706600000)
  object space 21504K, 33% used [0x00000006fc000000,0x00000006fc71f208,0x00000006fd500000)
Event: 30.216 GC heap after
Heap after GC invocations=10 (full 1):
 PSYoungGen      total 1011200K, used 111083K [0x00000007acc80000, 0x00000007f7180000, 0x0000000800000000)
  eden space 900096K, 0% used [0x00000007acc80000,0x00000007acc80000,0x00000007e3b80000)
  from space 111104K, 99% used [0x00000007e8580000,0x00000007ef1fafa8,0x00000007ef200000)
  to   space 130560K, 0% used [0x00000007ef200000,0x00000007ef200000,0x00000007f7180000)
 ParOldGen       total 324096K, used 264676K [0x0000000706600000, 0x000000071a280000, 0x00000007acc80000)
  object space 324096K, 81% used [0x0000000706600000,0x00000007168790d8,0x000000071a280000)
 PSPermGen       total 21504K, used 7292K [0x00000006fc000000, 0x00000006fd500000, 0x0000000706600000)
  object space 21504K, 33% used [0x00000006fc000000,0x00000006fc71f208,0x00000006fd500000)
}
Event: 30.216 GC heap before
{Heap before GC invocations=11 (full 2):
 PSYoungGen      total 1011200K, used 111083K [0x00000007acc80000, 0x00000007f7180000, 0x0000000800000000)
  eden space 900096K, 0% used [0x00000007acc80000,0x00000007acc80000,0x00000007e3b80000)
  from space 111104K, 99% used [0x00000007e8580000,0x00000007ef1fafa8,0x00000007ef200000)
  to   space 130560K, 0% used [0x00000007ef200000,0x00000007ef200000,0x00000007f7180000)
 ParOldGen       total 324096K, used 264676K [0x0000000706600000, 0x000000071a280000, 0x00000007acc80000)
  object space 324096K, 81% used [0x0000000706600000,0x00000007168790d8,0x000000071a280000)
 PSPermGen       total 21504K, used 7292K [0x00000006fc000000, 0x00000006fd500000, 0x0000000706600000)
  object space 21504K, 33% used [0x00000006fc000000,0x00000006fc71f208,0x00000006fd500000)
Event: 33.537 GC heap after
Heap after GC invocations=11 (full 2):
 PSYoungGen      total 1011200K, used 49419K [0x00000007acc80000, 0x00000007f7180000, 0x0000000800000000)
  eden space 900096K, 0% used [0x00000007acc80000,0x00000007acc80000,0x00000007e3b80000)
  from space 111104K, 44% used [0x00000007e8580000,0x00000007eb5c2c30,0x00000007ef200000)
  to   space 130560K, 0% used [0x00000007ef200000,0x00000007ef200000,0x00000007f7180000)
 ParOldGen       total 565248K, used 323885K [0x0000000706600000, 0x0000000728e00000, 0x00000007acc80000)
  object space 565248K, 57% used [0x0000000706600000,0x000000071a24b418,0x0000000728e00000)
 PSPermGen       total 21504K, used 7292K [0x00000006fc000000, 0x00000006fd500000, 0x0000000706600000)
  object space 21504K, 33% used [0x00000006fc000000,0x00000006fc71f208,0x00000006fd500000)
}
Event: 39.894 GC heap before
{Heap before GC invocations=12 (full 2):
 PSYoungGen      total 1011200K, used 949515K [0x00000007acc80000, 0x00000007f7180000, 0x0000000800000000)
  eden space 900096K, 100% used [0x00000007acc80000,0x00000007e3b80000,0x00000007e3b80000)
  from space 111104K, 44% used [0x00000007e8580000,0x00000007eb5c2c30,0x00000007ef200000)
  to   space 130560K, 0% used [0x00000007ef200000,0x00000007ef200000,0x00000007f7180000)
 ParOldGen       total 565248K, used 323885K [0x0000000706600000, 0x0000000728e00000, 0x00000007acc80000)
  object space 565248K, 57% used [0x0000000706600000,0x000000071a24b418,0x0000000728e00000)
 PSPermGen       total 21504K, used 7295K [0x00000006fc000000, 0x00000006fd500000, 0x0000000706600000)
  object space 21504K, 33% used [0x00000006fc000000,0x00000006fc71fee0,0x00000006fd500000)
Event: 40.628 GC heap after
Heap after GC invocations=12 (full 2):
 PSYoungGen      total 1030656K, used 130554K [0x00000007acc80000, 0x0000000800000000, 0x0000000800000000)
  eden space 900096K, 0% used [0x00000007acc80000,0x00000007acc80000,0x00000007e3b80000)
  from space 130560K, 99% used [0x00000007ef200000,0x00000007f717e9b0,0x00000007f7180000)
  to   space 186880K, 0% used [0x00000007e3b80000,0x00000007e3b80000,0x00000007ef200000)
 ParOldGen       total 565248K, used 361594K [0x0000000706600000, 0x0000000728e00000, 0x00000007acc80000)
  object space 565248K, 63% used [0x0000000706600000,0x000000071c71ea18,0x0000000728e00000)
 PSPermGen       total 21504K, used 7295K [0x00000006fc000000, 0x00000006fd500000, 0x0000000706600000)
  object space 21504K, 33% used [0x00000006fc000000,0x00000006fc71fee0,0x00000006fd500000)
}
Event: 48.542 GC heap before
{Heap before GC invocations=13 (full 2):
 PSYoungGen      total 1030656K, used 1030650K [0x00000007acc80000, 0x0000000800000000, 0x0000000800000000)
  eden space 900096K, 100% used [0x00000007acc80000,0x00000007e3b80000,0x00000007e3b80000)
  from space 130560K, 99% used [0x00000007ef200000,0x00000007f717e9b0,0x00000007f7180000)
  to   space 186880K, 0% used [0x00000007e3b80000,0x00000007e3b80000,0x00000007ef200000)
 ParOldGen       total 565248K, used 361594K [0x0000000706600000, 0x0000000728e00000, 0x00000007acc80000)
  object space 565248K, 63% used [0x0000000706600000,0x000000071c71ea18,0x0000000728e00000)
 PSPermGen       total 21504K, used 7298K [0x00000006fc000000, 0x00000006fd500000, 0x0000000706600000)
  object space 21504K, 33% used [0x00000006fc000000,0x00000006fc720ad0,0x00000006fd500000)
Event: 49.216 GC heap after
Heap after GC invocations=13 (full 2):
 PSYoungGen      total 1086976K, used 125720K [0x00000007acc80000, 0x0000000800000000, 0x0000000800000000)
  eden space 900096K, 0% used [0x00000007acc80000,0x00000007acc80000,0x00000007e3b80000)
  from space 186880K, 67% used [0x00000007e3b80000,0x00000007eb646150,0x00000007ef200000)
  to   space 194048K, 0% used [0x00000007f4280000,0x00000007f4280000,0x0000000800000000)
 ParOldGen       total 565248K, used 491624K [0x0000000706600000, 0x0000000728e00000, 0x00000007acc80000)
  object space 565248K, 86% used [0x0000000706600000,0x000000072461a2e8,0x0000000728e00000)
 PSPermGen       total 21504K, used 7298K [0x00000006fc000000, 0x00000006fd500000, 0x0000000706600000)
  object space 21504K, 33% used [0x00000006fc000000,0x00000006fc720ad0,0x00000006fd500000)
}
Event: 49.216 GC heap before
{Heap before GC invocations=14 (full 3):
 PSYoungGen      total 1086976K, used 125720K [0x00000007acc80000, 0x0000000800000000, 0x0000000800000000)
  eden space 900096K, 0% used [0x00000007acc80000,0x00000007acc80000,0x00000007e3b80000)
  from space 186880K, 67% used [0x00000007e3b80000,0x00000007eb646150,0x00000007ef200000)
  to   space 194048K, 0% used [0x00000007f4280000,0x00000007f4280000,0x0000000800000000)
 ParOldGen       total 565248K, used 491624K [0x0000000706600000, 0x0000000728e00000, 0x00000007acc80000)
  object space 565248K, 86% used [0x0000000706600000,0x000000072461a2e8,0x0000000728e00000)
 PSPermGen       total 21504K, used 7298K [0x00000006fc000000, 0x00000006fd500000, 0x0000000706600000)
  object space 21504K, 33% used [0x00000006fc000000,0x00000006fc720ad0,0x00000006fd500000)

