# JRE version: OpenJDK Runtime Environment (7.0_91-b02) (build 1.7.0_91-b02)
# Java VM: OpenJDK 64-Bit Server VM (24.91-b01 mixed mode linux-amd64 compressed oops)
Heap
 PSYoungGen      total 939008K, used 236098K [0x0000000795500000, 0x0000000800000000, 0x0000000800000000)
  eden space 626688K, 0% used [0x0000000795500000,0x0000000795500000,0x00000007bb900000)
  from space 312320K, 75% used [0x00000007bb900000,0x00000007c9f90850,0x00000007cea00000)
  to   space 561152K, 0% used [0x00000007ddc00000,0x00000007ddc00000,0x0000000800000000)
 ParOldGen       total 1405952K, used 1405708K [0x00000006c0000000, 0x0000000715d00000, 0x0000000795500000)
  object space 1405952K, 99% used [0x00000006c0000000,0x0000000715cc31b8,0x0000000715d00000)
 PSPermGen       total 21504K, used 7291K [0x00000006b5a00000, 0x00000006b6f00000, 0x00000006c0000000)
  object space 21504K, 33% used [0x00000006b5a00000,0x00000006b611edc0,0x00000006b6f00000)
GC Heap History (10 events):
Event: 25.333 GC heap after
Heap after GC invocations=19 (full 4):
 PSYoungGen      total 1429504K, used 249595K [0x0000000795500000, 0x0000000800000000, 0x0000000800000000)
  eden space 1111040K, 0% used [0x0000000795500000,0x0000000795500000,0x00000007d9200000)
  from space 318464K, 78% used [0x00000007d9200000,0x00000007e85bec88,0x00000007ec900000)
  to   space 318464K, 0% used [0x00000007ec900000,0x00000007ec900000,0x0000000800000000)
 ParOldGen       total 1405952K, used 917835K [0x00000006c0000000, 0x0000000715d00000, 0x0000000795500000)
  object space 1405952K, 65% used [0x00000006c0000000,0x00000006f8052e48,0x0000000715d00000)
 PSPermGen       total 21504K, used 7291K [0x00000006b5a00000, 0x00000006b6f00000, 0x00000006c0000000)
  object space 21504K, 33% used [0x00000006b5a00000,0x00000006b611ec48,0x00000006b6f00000)
}
Event: 27.097 GC heap before
{Heap before GC invocations=20 (full 4):
 PSYoungGen      total 1429504K, used 1360635K [0x0000000795500000, 0x0000000800000000, 0x0000000800000000)
  eden space 1111040K, 100% used [0x0000000795500000,0x00000007d9200000,0x00000007d9200000)
  from space 318464K, 78% used [0x00000007d9200000,0x00000007e85bec88,0x00000007ec900000)
  to   space 318464K, 0% used [0x00000007ec900000,0x00000007ec900000,0x0000000800000000)
 ParOldGen       total 1405952K, used 917835K [0x00000006c0000000, 0x0000000715d00000, 0x0000000795500000)
  object space 1405952K, 65% used [0x00000006c0000000,0x00000006f8052e48,0x0000000715d00000)
 PSPermGen       total 21504K, used 7291K [0x00000006b5a00000, 0x00000006b6f00000, 0x00000006c0000000)
  object space 21504K, 33% used [0x00000006b5a00000,0x00000006b611ecf0,0x00000006b6f00000)
Event: 27.529 GC heap after
Heap after GC invocations=20 (full 4):
 PSYoungGen      total 1239040K, used 261167K [0x0000000795500000, 0x0000000800000000, 0x0000000800000000)
  eden space 920576K, 0% used [0x0000000795500000,0x0000000795500000,0x00000007cd800000)
  from space 318464K, 82% used [0x00000007ec900000,0x00000007fc80bf30,0x0000000800000000)
  to   space 413696K, 0% used [0x00000007cd800000,0x00000007cd800000,0x00000007e6c00000)
 ParOldGen       total 1405952K, used 1062093K [0x00000006c0000000, 0x0000000715d00000, 0x0000000795500000)
  object space 1405952K, 75% used [0x00000006c0000000,0x0000000700d33588,0x0000000715d00000)
 PSPermGen       total 21504K, used 7291K [0x00000006b5a00000, 0x00000006b6f00000, 0x00000006c0000000)
  object space 21504K, 33% used [0x00000006b5a00000,0x00000006b611ecf0,0x00000006b6f00000)
}
Event: 29.016 GC heap before
{Heap before GC invocations=21 (full 4):
 PSYoungGen      total 1239040K, used 1181743K [0x0000000795500000, 0x0000000800000000, 0x0000000800000000)
  eden space 920576K, 100% used [0x0000000795500000,0x00000007cd800000,0x00000007cd800000)
  from space 318464K, 82% used [0x00000007ec900000,0x00000007fc80bf30,0x0000000800000000)
  to   space 413696K, 0% used [0x00000007cd800000,0x00000007cd800000,0x00000007e6c00000)
 ParOldGen       total 1405952K, used 1062093K [0x00000006c0000000, 0x0000000715d00000, 0x0000000795500000)
  object space 1405952K, 75% used [0x00000006c0000000,0x0000000700d33588,0x0000000715d00000)
 PSPermGen       total 21504K, used 7291K [0x00000006b5a00000, 0x00000006b6f00000, 0x00000006c0000000)
  object space 21504K, 33% used [0x00000006b5a00000,0x00000006b611edc0,0x00000006b6f00000)
Event: 29.280 GC heap after
Heap after GC invocations=21 (full 4):
 PSYoungGen      total 1305088K, used 384444K [0x0000000795500000, 0x0000000800000000, 0x0000000800000000)
  eden space 920576K, 0% used [0x0000000795500000,0x0000000795500000,0x00000007cd800000)
  from space 384512K, 99% used [0x00000007cd800000,0x00000007e4f6f3c0,0x00000007e4f80000)
  to   space 442880K, 0% used [0x00000007e4f80000,0x00000007e4f80000,0x0000000800000000)
 ParOldGen       total 1405952K, used 1062093K [0x00000006c0000000, 0x0000000715d00000, 0x0000000795500000)
  object space 1405952K, 75% used [0x00000006c0000000,0x0000000700d33588,0x0000000715d00000)
 PSPermGen       total 21504K, used 7291K [0x00000006b5a00000, 0x00000006b6f00000, 0x00000006c0000000)
  object space 21504K, 33% used [0x00000006b5a00000,0x00000006b611edc0,0x00000006b6f00000)
}
Event: 30.702 GC heap before
{Heap before GC invocations=22 (full 4):
 PSYoungGen      total 1305088K, used 1305020K [0x0000000795500000, 0x0000000800000000, 0x0000000800000000)
  eden space 920576K, 100% used [0x0000000795500000,0x00000007cd800000,0x00000007cd800000)
  from space 384512K, 99% used [0x00000007cd800000,0x00000007e4f6f3c0,0x00000007e4f80000)
  to   space 442880K, 0% used [0x00000007e4f80000,0x00000007e4f80000,0x0000000800000000)
 ParOldGen       total 1405952K, used 1062093K [0x00000006c0000000, 0x0000000715d00000, 0x0000000795500000)
  object space 1405952K, 75% used [0x00000006c0000000,0x0000000700d33588,0x0000000715d00000)
 PSPermGen       total 21504K, used 7291K [0x00000006b5a00000, 0x00000006b6f00000, 0x00000006c0000000)
  object space 21504K, 33% used [0x00000006b5a00000,0x00000006b611edc0,0x00000006b6f00000)
Event: 31.062 GC heap after
Heap after GC invocations=22 (full 4):
 PSYoungGen      total 1069568K, used 442856K [0x0000000795500000, 0x0000000800000000, 0x0000000800000000)
  eden space 626688K, 0% used [0x0000000795500000,0x0000000795500000,0x00000007bb900000)
  from space 442880K, 99% used [0x00000007e4f80000,0x00000007ffffa198,0x0000000800000000)
  to   space 560640K, 0% used [0x00000007bb900000,0x00000007bb900000,0x00000007ddc80000)
 ParOldGen       total 1405952K, used 1127305K [0x00000006c0000000, 0x0000000715d00000, 0x0000000795500000)
  object space 1405952K, 80% used [0x00000006c0000000,0x0000000704ce2748,0x0000000715d00000)
 PSPermGen       total 21504K, used 7291K [0x00000006b5a00000, 0x00000006b6f00000, 0x00000006c0000000)
  object space 21504K, 33% used [0x00000006b5a00000,0x00000006b611edc0,0x00000006b6f00000)
}
Event: 32.053 GC heap before
{Heap before GC invocations=23 (full 4):
 PSYoungGen      total 1069568K, used 1069544K [0x0000000795500000, 0x0000000800000000, 0x0000000800000000)
  eden space 626688K, 100% used [0x0000000795500000,0x00000007bb900000,0x00000007bb900000)
  from space 442880K, 99% used [0x00000007e4f80000,0x00000007ffffa198,0x0000000800000000)
  to   space 560640K, 0% used [0x00000007bb900000,0x00000007bb900000,0x00000007ddc80000)
 ParOldGen       total 1405952K, used 1127305K [0x00000006c0000000, 0x0000000715d00000, 0x0000000795500000)
  object space 1405952K, 80% used [0x00000006c0000000,0x0000000704ce2748,0x0000000715d00000)
 PSPermGen       total 21504K, used 7291K [0x00000006b5a00000, 0x00000006b6f00000, 0x00000006c0000000)
  object space 21504K, 33% used [0x00000006b5a00000,0x00000006b611edc0,0x00000006b6f00000)
Event: 32.426 GC heap after
Heap after GC invocations=23 (full 4):
 PSYoungGen      total 939008K, used 312012K [0x0000000795500000, 0x0000000800000000, 0x0000000800000000)
  eden space 626688K, 0% used [0x0000000795500000,0x0000000795500000,0x00000007bb900000)
  from space 312320K, 99% used [0x00000007bb900000,0x00000007ce9b33e0,0x00000007cea00000)
  to   space 561152K, 0% used [0x00000007ddc00000,0x00000007ddc00000,0x0000000800000000)
 ParOldGen       total 1405952K, used 1341163K [0x00000006c0000000, 0x0000000715d00000, 0x0000000795500000)
  object space 1405952K, 95% used [0x00000006c0000000,0x0000000711dbaf78,0x0000000715d00000)
 PSPermGen       total 21504K, used 7291K [0x00000006b5a00000, 0x00000006b6f00000, 0x00000006c0000000)
  object space 21504K, 33% used [0x00000006b5a00000,0x00000006b611edc0,0x00000006b6f00000)
}
Event: 32.426 GC heap before
{Heap before GC invocations=24 (full 5):
 PSYoungGen      total 939008K, used 312012K [0x0000000795500000, 0x0000000800000000, 0x0000000800000000)
  eden space 626688K, 0% used [0x0000000795500000,0x0000000795500000,0x00000007bb900000)
  from space 312320K, 99% used [0x00000007bb900000,0x00000007ce9b33e0,0x00000007cea00000)
  to   space 561152K, 0% used [0x00000007ddc00000,0x00000007ddc00000,0x0000000800000000)
 ParOldGen       total 1405952K, used 1341163K [0x00000006c0000000, 0x0000000715d00000, 0x0000000795500000)
  object space 1405952K, 95% used [0x00000006c0000000,0x0000000711dbaf78,0x0000000715d00000)
 PSPermGen       total 21504K, used 7291K [0x00000006b5a00000, 0x00000006b6f00000, 0x00000006c0000000)
  object space 21504K, 33% used [0x00000006b5a00000,0x00000006b611edc0,0x00000006b6f00000)

