# JRE version: OpenJDK Runtime Environment (7.0_91-b02) (build 1.7.0_91-b02)
# Java VM: OpenJDK 64-Bit Server VM (24.91-b01 mixed mode linux-amd64 compressed oops)
Heap
 PSYoungGen      total 966656K, used 79942K [0x00000007acc80000, 0x0000000800000000, 0x0000000800000000)
  eden space 741888K, 0% used [0x00000007acc80000,0x00000007acc80000,0x00000007da100000)
  from space 224768K, 35% used [0x00000007f2480000,0x00000007f7291860,0x0000000800000000)
  to   space 310784K, 0% used [0x00000007da100000,0x00000007da100000,0x00000007ed080000)
 ParOldGen       total 993792K, used 993368K [0x0000000706600000, 0x0000000743080000, 0x00000007acc80000)
  object space 993792K, 99% used [0x0000000706600000,0x0000000743016038,0x0000000743080000)
 PSPermGen       total 21504K, used 7291K [0x00000006fc000000, 0x00000006fd500000, 0x0000000706600000)
  object space 21504K, 33% used [0x00000006fc000000,0x00000006fc71ee00,0x00000006fd500000)
GC Heap History (10 events):
Event: 68.549 GC heap after
Heap after GC invocations=14 (full 2):
 PSYoungGen      total 1093632K, used 128095K [0x00000007acc80000, 0x0000000800000000, 0x0000000800000000)
  eden space 903168K, 0% used [0x00000007acc80000,0x00000007acc80000,0x00000007e3e80000)
  from space 190464K, 67% used [0x00000007e3e80000,0x00000007ebb97e88,0x00000007ef880000)
  to   space 197632K, 0% used [0x00000007f3f00000,0x00000007f3f00000,0x0000000800000000)
 ParOldGen       total 647680K, used 584794K [0x0000000706600000, 0x000000072de80000, 0x00000007acc80000)
  object space 647680K, 90% used [0x0000000706600000,0x000000072a116990,0x000000072de80000)
 PSPermGen       total 21504K, used 7291K [0x00000006fc000000, 0x00000006fd500000, 0x0000000706600000)
  object space 21504K, 33% used [0x00000006fc000000,0x00000006fc71ecc8,0x00000006fd500000)
}
Event: 68.549 GC heap before
{Heap before GC invocations=15 (full 3):
 PSYoungGen      total 1093632K, used 128095K [0x00000007acc80000, 0x0000000800000000, 0x0000000800000000)
  eden space 903168K, 0% used [0x00000007acc80000,0x00000007acc80000,0x00000007e3e80000)
  from space 190464K, 67% used [0x00000007e3e80000,0x00000007ebb97e88,0x00000007ef880000)
  to   space 197632K, 0% used [0x00000007f3f00000,0x00000007f3f00000,0x0000000800000000)
 ParOldGen       total 647680K, used 584794K [0x0000000706600000, 0x000000072de80000, 0x00000007acc80000)
  object space 647680K, 90% used [0x0000000706600000,0x000000072a116990,0x000000072de80000)
 PSPermGen       total 21504K, used 7291K [0x00000006fc000000, 0x00000006fd500000, 0x0000000706600000)
  object space 21504K, 33% used [0x00000006fc000000,0x00000006fc71ecc8,0x00000006fd500000)
Event: 78.464 GC heap after
Heap after GC invocations=15 (full 3):
 PSYoungGen      total 1093632K, used 63591K [0x00000007acc80000, 0x0000000800000000, 0x0000000800000000)
  eden space 903168K, 0% used [0x00000007acc80000,0x00000007acc80000,0x00000007e3e80000)
  from space 190464K, 33% used [0x00000007e3e80000,0x00000007e7c99cf8,0x00000007ef880000)
  to   space 197632K, 0% used [0x00000007f3f00000,0x00000007f3f00000,0x0000000800000000)
 ParOldGen       total 993792K, used 647499K [0x0000000706600000, 0x0000000743080000, 0x00000007acc80000)
  object space 993792K, 65% used [0x0000000706600000,0x000000072de52ed8,0x0000000743080000)
 PSPermGen       total 21504K, used 7291K [0x00000006fc000000, 0x00000006fd500000, 0x0000000706600000)
  object space 21504K, 33% used [0x00000006fc000000,0x00000006fc71ecc8,0x00000006fd500000)
}
Event: 86.461 GC heap before
{Heap before GC invocations=16 (full 3):
 PSYoungGen      total 1093632K, used 966759K [0x00000007acc80000, 0x0000000800000000, 0x0000000800000000)
  eden space 903168K, 100% used [0x00000007acc80000,0x00000007e3e80000,0x00000007e3e80000)
  from space 190464K, 33% used [0x00000007e3e80000,0x00000007e7c99cf8,0x00000007ef880000)
  to   space 197632K, 0% used [0x00000007f3f00000,0x00000007f3f00000,0x0000000800000000)
 ParOldGen       total 993792K, used 647499K [0x0000000706600000, 0x0000000743080000, 0x00000007acc80000)
  object space 993792K, 65% used [0x0000000706600000,0x000000072de52ed8,0x0000000743080000)
 PSPermGen       total 21504K, used 7291K [0x00000006fc000000, 0x00000006fd500000, 0x0000000706600000)
  object space 21504K, 33% used [0x00000006fc000000,0x00000006fc71ecc8,0x00000006fd500000)
Event: 87.327 GC heap after
Heap after GC invocations=16 (full 3):
 PSYoungGen      total 1111552K, used 186496K [0x00000007acc80000, 0x0000000800000000, 0x0000000800000000)
  eden space 913920K, 0% used [0x00000007acc80000,0x00000007acc80000,0x00000007e4900000)
  from space 197632K, 94% used [0x00000007f3f00000,0x00000007ff520180,0x0000000800000000)
  to   space 224768K, 0% used [0x00000007e4900000,0x00000007e4900000,0x00000007f2480000)
 ParOldGen       total 993792K, used 647499K [0x0000000706600000, 0x0000000743080000, 0x00000007acc80000)
  object space 993792K, 65% used [0x0000000706600000,0x000000072de52ed8,0x0000000743080000)
 PSPermGen       total 21504K, used 7291K [0x00000006fc000000, 0x00000006fd500000, 0x0000000706600000)
  object space 21504K, 33% used [0x00000006fc000000,0x00000006fc71ecc8,0x00000006fd500000)
}
Event: 96.464 GC heap before
{Heap before GC invocations=17 (full 3):
 PSYoungGen      total 1111552K, used 1100416K [0x00000007acc80000, 0x0000000800000000, 0x0000000800000000)
  eden space 913920K, 100% used [0x00000007acc80000,0x00000007e4900000,0x00000007e4900000)
  from space 197632K, 94% used [0x00000007f3f00000,0x00000007ff520180,0x0000000800000000)
  to   space 224768K, 0% used [0x00000007e4900000,0x00000007e4900000,0x00000007f2480000)
 ParOldGen       total 993792K, used 647499K [0x0000000706600000, 0x0000000743080000, 0x00000007acc80000)
  object space 993792K, 65% used [0x0000000706600000,0x000000072de52ed8,0x0000000743080000)
 PSPermGen       total 21504K, used 7291K [0x00000006fc000000, 0x00000006fd500000, 0x0000000706600000)
  object space 21504K, 33% used [0x00000006fc000000,0x00000006fc71ee20,0x00000006fd500000)
Event: 97.331 GC heap after
Heap after GC invocations=17 (full 3):
 PSYoungGen      total 1138688K, used 224752K [0x00000007acc80000, 0x0000000800000000, 0x0000000800000000)
  eden space 913920K, 0% used [0x00000007acc80000,0x00000007acc80000,0x00000007e4900000)
  from space 224768K, 99% used [0x00000007e4900000,0x00000007f247c128,0x00000007f2480000)
  to   space 224768K, 0% used [0x00000007f2480000,0x00000007f2480000,0x0000000800000000)
 ParOldGen       total 993792K, used 731685K [0x0000000706600000, 0x0000000743080000, 0x00000007acc80000)
  object space 993792K, 73% used [0x0000000706600000,0x0000000733089638,0x0000000743080000)
 PSPermGen       total 21504K, used 7291K [0x00000006fc000000, 0x00000006fd500000, 0x0000000706600000)
  object space 21504K, 33% used [0x00000006fc000000,0x00000006fc71ee20,0x00000006fd500000)
}
Event: 105.594 GC heap before
{Heap before GC invocations=18 (full 3):
 PSYoungGen      total 1138688K, used 1138672K [0x00000007acc80000, 0x0000000800000000, 0x0000000800000000)
  eden space 913920K, 100% used [0x00000007acc80000,0x00000007e4900000,0x00000007e4900000)
  from space 224768K, 99% used [0x00000007e4900000,0x00000007f247c128,0x00000007f2480000)
  to   space 224768K, 0% used [0x00000007f2480000,0x00000007f2480000,0x0000000800000000)
 ParOldGen       total 993792K, used 731685K [0x0000000706600000, 0x0000000743080000, 0x00000007acc80000)
  object space 993792K, 73% used [0x0000000706600000,0x0000000733089638,0x0000000743080000)
 PSPermGen       total 21504K, used 7291K [0x00000006fc000000, 0x00000006fd500000, 0x0000000706600000)
  object space 21504K, 33% used [0x00000006fc000000,0x00000006fc71ee20,0x00000006fd500000)
Event: 106.680 GC heap after
Heap after GC invocations=18 (full 3):
 PSYoungGen      total 966656K, used 216033K [0x00000007acc80000, 0x0000000800000000, 0x0000000800000000)
  eden space 741888K, 0% used [0x00000007acc80000,0x00000007acc80000,0x00000007da100000)
  from space 224768K, 96% used [0x00000007f2480000,0x00000007ff7786f0,0x0000000800000000)
  to   space 310784K, 0% used [0x00000007da100000,0x00000007da100000,0x00000007ed080000)
 ParOldGen       total 993792K, used 866819K [0x0000000706600000, 0x0000000743080000, 0x00000007acc80000)
  object space 993792K, 87% used [0x0000000706600000,0x000000073b480d88,0x0000000743080000)
 PSPermGen       total 21504K, used 7291K [0x00000006fc000000, 0x00000006fd500000, 0x0000000706600000)
  object space 21504K, 33% used [0x00000006fc000000,0x00000006fc71ee20,0x00000006fd500000)
}
Event: 106.681 GC heap before
{Heap before GC invocations=19 (full 4):
 PSYoungGen      total 966656K, used 216033K [0x00000007acc80000, 0x0000000800000000, 0x0000000800000000)
  eden space 741888K, 0% used [0x00000007acc80000,0x00000007acc80000,0x00000007da100000)
  from space 224768K, 96% used [0x00000007f2480000,0x00000007ff7786f0,0x0000000800000000)
  to   space 310784K, 0% used [0x00000007da100000,0x00000007da100000,0x00000007ed080000)
 ParOldGen       total 993792K, used 866819K [0x0000000706600000, 0x0000000743080000, 0x00000007acc80000)
  object space 993792K, 87% used [0x0000000706600000,0x000000073b480d88,0x0000000743080000)
 PSPermGen       total 21504K, used 7291K [0x00000006fc000000, 0x00000006fd500000, 0x0000000706600000)
  object space 21504K, 33% used [0x00000006fc000000,0x00000006fc71ee20,0x00000006fd500000)

