# JRE version: OpenJDK Runtime Environment (7.0_91-b02) (build 1.7.0_91-b02)
# Java VM: OpenJDK 64-Bit Server VM (24.91-b01 mixed mode linux-amd64 compressed oops)
Heap
 PSYoungGen      total 1077760K, used 146728K [0x00000007acc80000, 0x0000000800000000, 0x0000000800000000)
  eden space 893440K, 0% used [0x00000007acc80000,0x00000007acc80000,0x00000007e3500000)
  from space 184320K, 79% used [0x00000007f4c00000,0x00000007fdb4a3c8,0x0000000800000000)
  to   space 235008K, 0% used [0x00000007e3500000,0x00000007e3500000,0x00000007f1a80000)
 ParOldGen       total 668672K, used 668628K [0x0000000706600000, 0x000000072f300000, 0x00000007acc80000)
  object space 668672K, 99% used [0x0000000706600000,0x000000072f2f5338,0x000000072f300000)
 PSPermGen       total 21504K, used 7298K [0x00000006fc000000, 0x00000006fd500000, 0x0000000706600000)
  object space 21504K, 33% used [0x00000006fc000000,0x00000006fc720a18,0x00000006fd500000)
GC Heap History (10 events):
Event: 38.521 GC heap after
Heap after GC invocations=11 (full 1):
 PSYoungGen      total 923648K, used 923620K [0x00000007acc80000, 0x00000007f1580000, 0x0000000800000000)
  eden space 814080K, 100% used [0x00000007acc80000,0x00000007de780000,0x00000007de780000)
  from space 109568K, 99% used [0x00000007e8580000,0x00000007ef079370,0x00000007ef080000)
  to   space 37888K, 99% used [0x00000007ef080000,0x00000007f15790d0,0x00000007f1580000)
 ParOldGen       total 430080K, used 428680K [0x0000000706600000, 0x0000000720a00000, 0x00000007acc80000)
  object space 430080K, 99% used [0x0000000706600000,0x00000007208a2300,0x0000000720a00000)
 PSPermGen       total 21504K, used 7293K [0x00000006fc000000, 0x00000006fd500000, 0x0000000706600000)
  object space 21504K, 33% used [0x00000006fc000000,0x00000006fc71f590,0x00000006fd500000)
}
Event: 38.521 GC heap before
{Heap before GC invocations=12 (full 2):
 PSYoungGen      total 923648K, used 923620K [0x00000007acc80000, 0x00000007f1580000, 0x0000000800000000)
  eden space 814080K, 100% used [0x00000007acc80000,0x00000007de780000,0x00000007de780000)
  from space 109568K, 99% used [0x00000007e8580000,0x00000007ef079370,0x00000007ef080000)
  to   space 37888K, 99% used [0x00000007ef080000,0x00000007f15790d0,0x00000007f1580000)
 ParOldGen       total 430080K, used 428680K [0x0000000706600000, 0x0000000720a00000, 0x00000007acc80000)
  object space 430080K, 99% used [0x0000000706600000,0x00000007208a2300,0x0000000720a00000)
 PSPermGen       total 21504K, used 7293K [0x00000006fc000000, 0x00000006fd500000, 0x0000000706600000)
  object space 21504K, 33% used [0x00000006fc000000,0x00000006fc71f590,0x00000006fd500000)
Event: 42.786 GC heap after
Heap after GC invocations=12 (full 2):
 PSYoungGen      total 923648K, used 43851K [0x00000007acc80000, 0x00000007f1580000, 0x0000000800000000)
  eden space 814080K, 5% used [0x00000007acc80000,0x00000007af752e00,0x00000007de780000)
  from space 109568K, 0% used [0x00000007e8580000,0x00000007e8580000,0x00000007ef080000)
  to   space 37888K, 0% used [0x00000007ef080000,0x00000007ef080000,0x00000007f1580000)
 ParOldGen       total 668672K, used 430034K [0x0000000706600000, 0x000000072f300000, 0x00000007acc80000)
  object space 668672K, 64% used [0x0000000706600000,0x00000007209f4998,0x000000072f300000)
 PSPermGen       total 21504K, used 7293K [0x00000006fc000000, 0x00000006fd500000, 0x0000000706600000)
  object space 21504K, 33% used [0x00000006fc000000,0x00000006fc71f590,0x00000006fd500000)
}
Event: 50.130 GC heap before
{Heap before GC invocations=13 (full 2):
 PSYoungGen      total 923648K, used 814080K [0x00000007acc80000, 0x00000007f1580000, 0x0000000800000000)
  eden space 814080K, 100% used [0x00000007acc80000,0x00000007de780000,0x00000007de780000)
  from space 109568K, 0% used [0x00000007e8580000,0x00000007e8580000,0x00000007ef080000)
  to   space 37888K, 0% used [0x00000007ef080000,0x00000007ef080000,0x00000007f1580000)
 ParOldGen       total 668672K, used 430034K [0x0000000706600000, 0x000000072f300000, 0x00000007acc80000)
  object space 668672K, 64% used [0x0000000706600000,0x00000007209f4998,0x000000072f300000)
 PSPermGen       total 21504K, used 7298K [0x00000006fc000000, 0x00000006fd500000, 0x0000000706600000)
  object space 21504K, 33% used [0x00000006fc000000,0x00000006fc7208c0,0x00000006fd500000)
Event: 50.609 GC heap after
Heap after GC invocations=13 (full 2):
 PSYoungGen      total 947712K, used 37869K [0x00000007acc80000, 0x00000007fe100000, 0x0000000800000000)
  eden space 909824K, 0% used [0x00000007acc80000,0x00000007acc80000,0x00000007e4500000)
  from space 37888K, 99% used [0x00000007ef080000,0x00000007f157b4d0,0x00000007f1580000)
  to   space 175616K, 0% used [0x00000007e4500000,0x00000007e4500000,0x00000007ef080000)
 ParOldGen       total 668672K, used 538883K [0x0000000706600000, 0x000000072f300000, 0x00000007acc80000)
  object space 668672K, 80% used [0x0000000706600000,0x0000000727440c98,0x000000072f300000)
 PSPermGen       total 21504K, used 7298K [0x00000006fc000000, 0x00000006fd500000, 0x0000000706600000)
  object space 21504K, 33% used [0x00000006fc000000,0x00000006fc7208c0,0x00000006fd500000)
}
Event: 57.980 GC heap before
{Heap before GC invocations=14 (full 2):
 PSYoungGen      total 947712K, used 947693K [0x00000007acc80000, 0x00000007fe100000, 0x0000000800000000)
  eden space 909824K, 100% used [0x00000007acc80000,0x00000007e4500000,0x00000007e4500000)
  from space 37888K, 99% used [0x00000007ef080000,0x00000007f157b4d0,0x00000007f1580000)
  to   space 175616K, 0% used [0x00000007e4500000,0x00000007e4500000,0x00000007ef080000)
 ParOldGen       total 668672K, used 538883K [0x0000000706600000, 0x000000072f300000, 0x00000007acc80000)
  object space 668672K, 80% used [0x0000000706600000,0x0000000727440c98,0x000000072f300000)
 PSPermGen       total 21504K, used 7298K [0x00000006fc000000, 0x00000006fd500000, 0x0000000706600000)
  object space 21504K, 33% used [0x00000006fc000000,0x00000006fc720990,0x00000006fd500000)
Event: 58.476 GC heap after
Heap after GC invocations=14 (full 2):
 PSYoungGen      total 1085440K, used 124047K [0x00000007acc80000, 0x0000000800000000, 0x0000000800000000)
  eden space 909824K, 0% used [0x00000007acc80000,0x00000007acc80000,0x00000007e4500000)
  from space 175616K, 70% used [0x00000007e4500000,0x00000007ebe23f48,0x00000007ef080000)
  to   space 184320K, 0% used [0x00000007f4c00000,0x00000007f4c00000,0x0000000800000000)
 ParOldGen       total 668672K, used 572114K [0x0000000706600000, 0x000000072f300000, 0x00000007acc80000)
  object space 668672K, 85% used [0x0000000706600000,0x00000007294b4a28,0x000000072f300000)
 PSPermGen       total 21504K, used 7298K [0x00000006fc000000, 0x00000006fd500000, 0x0000000706600000)
  object space 21504K, 33% used [0x00000006fc000000,0x00000006fc720990,0x00000006fd500000)
}
Event: 67.289 GC heap before
{Heap before GC invocations=15 (full 2):
 PSYoungGen      total 1085440K, used 1033871K [0x00000007acc80000, 0x0000000800000000, 0x0000000800000000)
  eden space 909824K, 100% used [0x00000007acc80000,0x00000007e4500000,0x00000007e4500000)
  from space 175616K, 70% used [0x00000007e4500000,0x00000007ebe23f48,0x00000007ef080000)
  to   space 184320K, 0% used [0x00000007f4c00000,0x00000007f4c00000,0x0000000800000000)
 ParOldGen       total 668672K, used 572114K [0x0000000706600000, 0x000000072f300000, 0x00000007acc80000)
  object space 668672K, 85% used [0x0000000706600000,0x00000007294b4a28,0x000000072f300000)
 PSPermGen       total 21504K, used 7298K [0x00000006fc000000, 0x00000006fd500000, 0x0000000706600000)
  object space 21504K, 33% used [0x00000006fc000000,0x00000006fc720a38,0x00000006fd500000)
Event: 68.093 GC heap after
Heap after GC invocations=15 (full 2):
 PSYoungGen      total 1077760K, used 184312K [0x00000007acc80000, 0x0000000800000000, 0x0000000800000000)
  eden space 893440K, 0% used [0x00000007acc80000,0x00000007acc80000,0x00000007e3500000)
  from space 184320K, 99% used [0x00000007f4c00000,0x00000007ffffe230,0x0000000800000000)
  to   space 235008K, 0% used [0x00000007e3500000,0x00000007e3500000,0x00000007f1a80000)
 ParOldGen       total 668672K, used 633093K [0x0000000706600000, 0x000000072f300000, 0x00000007acc80000)
  object space 668672K, 94% used [0x0000000706600000,0x000000072d041478,0x000000072f300000)
 PSPermGen       total 21504K, used 7298K [0x00000006fc000000, 0x00000006fd500000, 0x0000000706600000)
  object space 21504K, 33% used [0x00000006fc000000,0x00000006fc720a38,0x00000006fd500000)
}
Event: 68.093 GC heap before
{Heap before GC invocations=16 (full 3):
 PSYoungGen      total 1077760K, used 184312K [0x00000007acc80000, 0x0000000800000000, 0x0000000800000000)
  eden space 893440K, 0% used [0x00000007acc80000,0x00000007acc80000,0x00000007e3500000)
  from space 184320K, 99% used [0x00000007f4c00000,0x00000007ffffe230,0x0000000800000000)
  to   space 235008K, 0% used [0x00000007e3500000,0x00000007e3500000,0x00000007f1a80000)
 ParOldGen       total 668672K, used 633093K [0x0000000706600000, 0x000000072f300000, 0x00000007acc80000)
  object space 668672K, 94% used [0x0000000706600000,0x000000072d041478,0x000000072f300000)
 PSPermGen       total 21504K, used 7298K [0x00000006fc000000, 0x00000006fd500000, 0x0000000706600000)
  object space 21504K, 33% used [0x00000006fc000000,0x00000006fc720a38,0x00000006fd500000)

