# JRE version: OpenJDK Runtime Environment (7.0_91-b02) (build 1.7.0_91-b02)
# Java VM: OpenJDK 64-Bit Server VM (24.91-b01 mixed mode linux-amd64 compressed oops)
Heap
 PSYoungGen      total 625664K, used 126974K [0x00000007acc80000, 0x00000007daf00000, 0x0000000800000000)
  eden space 498688K, 0% used [0x00000007acc80000,0x00000007acc80000,0x00000007cb380000)
  from space 126976K, 99% used [0x00000007d3300000,0x00000007daeff840,0x00000007daf00000)
  to   space 78848K, 0% used [0x00000007cb380000,0x00000007cb380000,0x00000007d0080000)
 ParOldGen       total 322048K, used 296302K [0x0000000706600000, 0x000000071a080000, 0x00000007acc80000)
  object space 322048K, 92% used [0x0000000706600000,0x000000071875b8e0,0x000000071a080000)
 PSPermGen       total 21504K, used 7281K [0x00000006fc000000, 0x00000006fd500000, 0x0000000706600000)
  object space 21504K, 33% used [0x00000006fc000000,0x00000006fc71c5b0,0x00000006fd500000)
GC Heap History (10 events):
Event: 8.948 GC heap after
Heap after GC invocations=4 (full 0):
 PSYoungGen      total 270336K, used 10235K [0x00000007acc80000, 0x00000007bde80000, 0x0000000800000000)
  eden space 260096K, 0% used [0x00000007acc80000,0x00000007acc80000,0x00000007bca80000)
  from space 10240K, 99% used [0x00000007bd480000,0x00000007bde7ec78,0x00000007bde80000)
  to   space 10240K, 0% used [0x00000007bca80000,0x00000007bca80000,0x00000007bd480000)
 ParOldGen       total 169984K, used 96931K [0x0000000706600000, 0x0000000710c00000, 0x00000007acc80000)
  object space 169984K, 57% used [0x0000000706600000,0x000000070c4a8f68,0x0000000710c00000)
 PSPermGen       total 21504K, used 7268K [0x00000006fc000000, 0x00000006fd500000, 0x0000000706600000)
  object space 21504K, 33% used [0x00000006fc000000,0x00000006fc719350,0x00000006fd500000)
}
Event: 12.194 GC heap before
{Heap before GC invocations=5 (full 0):
 PSYoungGen      total 270336K, used 270331K [0x00000007acc80000, 0x00000007bde80000, 0x0000000800000000)
  eden space 260096K, 100% used [0x00000007acc80000,0x00000007bca80000,0x00000007bca80000)
  from space 10240K, 99% used [0x00000007bd480000,0x00000007bde7ec78,0x00000007bde80000)
  to   space 10240K, 0% used [0x00000007bca80000,0x00000007bca80000,0x00000007bd480000)
 ParOldGen       total 169984K, used 96931K [0x0000000706600000, 0x0000000710c00000, 0x00000007acc80000)
  object space 169984K, 57% used [0x0000000706600000,0x000000070c4a8f68,0x0000000710c00000)
 PSPermGen       total 21504K, used 7271K [0x00000006fc000000, 0x00000006fd500000, 0x0000000706600000)
  object space 21504K, 33% used [0x00000006fc000000,0x00000006fc719ee8,0x00000006fd500000)
Event: 12.468 GC heap after
Heap after GC invocations=5 (full 0):
 PSYoungGen      total 270336K, used 10232K [0x00000007acc80000, 0x00000007d4f80000, 0x0000000800000000)
  eden space 260096K, 0% used [0x00000007acc80000,0x00000007acc80000,0x00000007bca80000)
  from space 10240K, 99% used [0x00000007bca80000,0x00000007bd47e2c8,0x00000007bd480000)
  to   space 69120K, 0% used [0x00000007d0c00000,0x00000007d0c00000,0x00000007d4f80000)
 ParOldGen       total 169984K, used 157455K [0x0000000706600000, 0x0000000710c00000, 0x00000007acc80000)
  object space 169984K, 92% used [0x0000000706600000,0x000000070ffc3fa0,0x0000000710c00000)
 PSPermGen       total 21504K, used 7271K [0x00000006fc000000, 0x00000006fd500000, 0x0000000706600000)
  object space 21504K, 33% used [0x00000006fc000000,0x00000006fc719ee8,0x00000006fd500000)
}
Event: 12.468 GC heap before
{Heap before GC invocations=6 (full 1):
 PSYoungGen      total 270336K, used 10232K [0x00000007acc80000, 0x00000007d4f80000, 0x0000000800000000)
  eden space 260096K, 0% used [0x00000007acc80000,0x00000007acc80000,0x00000007bca80000)
  from space 10240K, 99% used [0x00000007bca80000,0x00000007bd47e2c8,0x00000007bd480000)
  to   space 69120K, 0% used [0x00000007d0c00000,0x00000007d0c00000,0x00000007d4f80000)
 ParOldGen       total 169984K, used 157455K [0x0000000706600000, 0x0000000710c00000, 0x00000007acc80000)
  object space 169984K, 92% used [0x0000000706600000,0x000000070ffc3fa0,0x0000000710c00000)
 PSPermGen       total 21504K, used 7271K [0x00000006fc000000, 0x00000006fd500000, 0x0000000706600000)
  object space 21504K, 33% used [0x00000006fc000000,0x00000006fc719ee8,0x00000006fd500000)
Event: 13.981 GC heap after
Heap after GC invocations=6 (full 1):
 PSYoungGen      total 270336K, used 0K [0x00000007acc80000, 0x00000007d4f80000, 0x0000000800000000)
  eden space 260096K, 0% used [0x00000007acc80000,0x00000007acc80000,0x00000007bca80000)
  from space 10240K, 0% used [0x00000007bca80000,0x00000007bca80000,0x00000007bd480000)
  to   space 69120K, 0% used [0x00000007d0c00000,0x00000007d0c00000,0x00000007d4f80000)
 ParOldGen       total 322048K, used 159894K [0x0000000706600000, 0x000000071a080000, 0x00000007acc80000)
  object space 322048K, 49% used [0x0000000706600000,0x00000007102258b0,0x000000071a080000)
 PSPermGen       total 21504K, used 7270K [0x00000006fc000000, 0x00000006fd500000, 0x0000000706600000)
  object space 21504K, 33% used [0x00000006fc000000,0x00000006fc719898,0x00000006fd500000)
}
Event: 16.810 GC heap before
{Heap before GC invocations=7 (full 1):
 PSYoungGen      total 270336K, used 260096K [0x00000007acc80000, 0x00000007d4f80000, 0x0000000800000000)
  eden space 260096K, 100% used [0x00000007acc80000,0x00000007bca80000,0x00000007bca80000)
  from space 10240K, 0% used [0x00000007bca80000,0x00000007bca80000,0x00000007bd480000)
  to   space 69120K, 0% used [0x00000007d0c00000,0x00000007d0c00000,0x00000007d4f80000)
 ParOldGen       total 322048K, used 159894K [0x0000000706600000, 0x000000071a080000, 0x00000007acc80000)
  object space 322048K, 49% used [0x0000000706600000,0x00000007102258b0,0x000000071a080000)
 PSPermGen       total 21504K, used 7272K [0x00000006fc000000, 0x00000006fd500000, 0x0000000706600000)
  object space 21504K, 33% used [0x00000006fc000000,0x00000006fc71a348,0x00000006fd500000)
Event: 17.014 GC heap after
Heap after GC invocations=7 (full 1):
 PSYoungGen      total 428032K, used 66923K [0x00000007acc80000, 0x00000007d4d80000, 0x0000000800000000)
  eden space 360960K, 0% used [0x00000007acc80000,0x00000007acc80000,0x00000007c2d00000)
  from space 67072K, 99% used [0x00000007d0c00000,0x00000007d4d5acd0,0x00000007d4d80000)
  to   space 78848K, 0% used [0x00000007cb380000,0x00000007cb380000,0x00000007d0080000)
 ParOldGen       total 322048K, used 159894K [0x0000000706600000, 0x000000071a080000, 0x00000007acc80000)
  object space 322048K, 49% used [0x0000000706600000,0x00000007102258b0,0x000000071a080000)
 PSPermGen       total 21504K, used 7272K [0x00000006fc000000, 0x00000006fd500000, 0x0000000706600000)
  object space 21504K, 33% used [0x00000006fc000000,0x00000006fc71a348,0x00000006fd500000)
}
Event: 22.464 GC heap before
{Heap before GC invocations=8 (full 1):
 PSYoungGen      total 428032K, used 427883K [0x00000007acc80000, 0x00000007d4d80000, 0x0000000800000000)
  eden space 360960K, 100% used [0x00000007acc80000,0x00000007c2d00000,0x00000007c2d00000)
  from space 67072K, 99% used [0x00000007d0c00000,0x00000007d4d5acd0,0x00000007d4d80000)
  to   space 78848K, 0% used [0x00000007cb380000,0x00000007cb380000,0x00000007d0080000)
 ParOldGen       total 322048K, used 159894K [0x0000000706600000, 0x000000071a080000, 0x00000007acc80000)
  object space 322048K, 49% used [0x0000000706600000,0x00000007102258b0,0x000000071a080000)
 PSPermGen       total 21504K, used 7277K [0x00000006fc000000, 0x00000006fd500000, 0x0000000706600000)
  object space 21504K, 33% used [0x00000006fc000000,0x00000006fc71b540,0x00000006fd500000)
Event: 22.892 GC heap after
Heap after GC invocations=8 (full 1):
 PSYoungGen      total 577536K, used 78834K [0x00000007acc80000, 0x00000007daf00000, 0x0000000800000000)
  eden space 498688K, 0% used [0x00000007acc80000,0x00000007acc80000,0x00000007cb380000)
  from space 78848K, 99% used [0x00000007cb380000,0x00000007d007ca98,0x00000007d0080000)
  to   space 126976K, 0% used [0x00000007d3300000,0x00000007d3300000,0x00000007daf00000)
 ParOldGen       total 322048K, used 231501K [0x0000000706600000, 0x000000071a080000, 0x00000007acc80000)
  object space 322048K, 71% used [0x0000000706600000,0x0000000714813520,0x000000071a080000)
 PSPermGen       total 21504K, used 7277K [0x00000006fc000000, 0x00000006fd500000, 0x0000000706600000)
  object space 21504K, 33% used [0x00000006fc000000,0x00000006fc71b540,0x00000006fd500000)
}
Event: 28.721 GC heap before
{Heap before GC invocations=9 (full 1):
 PSYoungGen      total 577536K, used 577522K [0x00000007acc80000, 0x00000007daf00000, 0x0000000800000000)
  eden space 498688K, 100% used [0x00000007acc80000,0x00000007cb380000,0x00000007cb380000)
  from space 78848K, 99% used [0x00000007cb380000,0x00000007d007ca98,0x00000007d0080000)
  to   space 126976K, 0% used [0x00000007d3300000,0x00000007d3300000,0x00000007daf00000)
 ParOldGen       total 322048K, used 231501K [0x0000000706600000, 0x000000071a080000, 0x00000007acc80000)
  object space 322048K, 71% used [0x0000000706600000,0x0000000714813520,0x000000071a080000)
 PSPermGen       total 21504K, used 7281K [0x00000006fc000000, 0x00000006fd500000, 0x0000000706600000)
  object space 21504K, 33% used [0x00000006fc000000,0x00000006fc71c5b0,0x00000006fd500000)

